   0  $accept : file $end

   1  file : decls
   2       |

   3  decls : decl
   4        | decls decl

   5  decl : functions
   6       | vardecl

   7  vardecls : vardecl
   8           | vardecls vardecl

   9  vardecl : type tIDENTIFIER ';'
  10          | tPUBLIC type tIDENTIFIER ';'
  11          | tUSE type tIDENTIFIER ';'
  12          | type tIDENTIFIER '=' expr ';'
  13          | tPUBLIC type tIDENTIFIER '=' expr ';'

  14  functions : tPUBLIC type tIDENTIFIER '(' fundeclargs ')'
  15            | type tIDENTIFIER '(' fundeclargs ')'
  16            | tUSE type tIDENTIFIER '(' fundeclargs ')'
  17            | tPUBLIC tPROCEDURE tIDENTIFIER '(' fundeclargs ')'
  18            | tPROCEDURE tIDENTIFIER '(' fundeclargs ')'
  19            | tPUBLIC type tIDENTIFIER '(' fundeclargs ')' '=' literal block
  20            | tPUBLIC type tIDENTIFIER '(' fundeclargs ')' block
  21            | type tIDENTIFIER '(' fundeclargs ')' '=' literal block
  22            | type tIDENTIFIER '(' fundeclargs ')' block
  23            | tPUBLIC tPROCEDURE tIDENTIFIER '(' fundeclargs ')' block
  24            | tPROCEDURE tIDENTIFIER '(' fundeclargs ')' block

  25  fundeclargs : args
  26              |

  27  args : arg
  28       | args ',' arg

  29  arg : type tIDENTIFIER

  30  type : tTYPEINT
  31       | tTYPESTRING
  32       | tTYPEDOUBLE
  33       | '[' type ']'

  34  literal : tINTEGER
  35          | tDOUBLE
  36          | literalString
  37          | tNULL

  38  literalString : tSTRING
  39                | literalString tSTRING

  40  block : '{' vardecls list '}'
  41        | '{' vardecls '}'
  42        | '{' list '}'
  43        | '{' '}'

  44  list : stmt
  45       | list stmt

  46  stmt : expr ';'
  47       | expr '!'
  48       | expr tPRINTLN
  49       | tWHILE '(' expr ')' stmt
  50       | sweeploop
  51       | tNEXT
  52       | tSTOP
  53       | tRETURN
  54       | tIF '(' expr ')' stmt
  55       | tIF '(' expr ')' stmt elseconds
  56       | block

  57  sweeploop : tSWEEP '+' '(' leftval ':' expr ':' expr ')' stmt
  58            | tSWEEP '-' '(' leftval ':' expr ':' expr ')' stmt
  59            | tSWEEP '+' '(' leftval ':' expr ':' expr ':' expr ')' stmt
  60            | tSWEEP '-' '(' leftval ':' expr ':' expr ':' expr ')' stmt

  61  elseconds : tELSE stmt
  62            | tELIF '(' expr ')' stmt
  63            | tELIF '(' expr ')' stmt elseconds

  64  expr : literal
  65       | '-' expr
  66       | '+' expr
  67       | '~' expr
  68       | expr '+' expr
  69       | expr '-' expr
  70       | expr '*' expr
  71       | expr '/' expr
  72       | expr '%' expr
  73       | expr '<' expr
  74       | expr '>' expr
  75       | expr tGE expr
  76       | expr tLE expr
  77       | expr tNE expr
  78       | expr tEQ expr
  79       | expr '&' expr
  80       | expr '|' expr
  81       | '(' expr ')'
  82       | '[' expr ']'
  83       | leftval
  84       | leftval '=' expr
  85       | leftval '?'
  86       | funcall
  87       | '@'

  88  funcall : tIDENTIFIER '(' ')'
  89          | tIDENTIFIER '(' funcallargs ')'

  90  funcallargs : funcallarg
  91              | funcallargs ',' funcallarg

  92  funcallarg : expr

  93  leftval : tIDENTIFIER
  94          | expr '[' expr ']'

state 0
	$accept : . file $end  (0)
	file : .  (2)

	tPUBLIC  shift 1
	tPROCEDURE  shift 2
	tUSE  shift 3
	tTYPEINT  shift 4
	tTYPESTRING  shift 5
	tTYPEDOUBLE  shift 6
	'['  shift 7
	$end  reduce 2

	file  goto 8
	type  goto 9
	decls  goto 10
	decl  goto 11
	vardecl  goto 12
	functions  goto 13


state 1
	vardecl : tPUBLIC . type tIDENTIFIER ';'  (10)
	vardecl : tPUBLIC . type tIDENTIFIER '=' expr ';'  (13)
	functions : tPUBLIC . type tIDENTIFIER '(' fundeclargs ')'  (14)
	functions : tPUBLIC . tPROCEDURE tIDENTIFIER '(' fundeclargs ')'  (17)
	functions : tPUBLIC . type tIDENTIFIER '(' fundeclargs ')' '=' literal block  (19)
	functions : tPUBLIC . type tIDENTIFIER '(' fundeclargs ')' block  (20)
	functions : tPUBLIC . tPROCEDURE tIDENTIFIER '(' fundeclargs ')' block  (23)

	tPROCEDURE  shift 14
	tTYPEINT  shift 4
	tTYPESTRING  shift 5
	tTYPEDOUBLE  shift 6
	'['  shift 7
	.  error

	type  goto 15


state 2
	functions : tPROCEDURE . tIDENTIFIER '(' fundeclargs ')'  (18)
	functions : tPROCEDURE . tIDENTIFIER '(' fundeclargs ')' block  (24)

	tIDENTIFIER  shift 16
	.  error


state 3
	vardecl : tUSE . type tIDENTIFIER ';'  (11)
	functions : tUSE . type tIDENTIFIER '(' fundeclargs ')'  (16)

	tTYPEINT  shift 4
	tTYPESTRING  shift 5
	tTYPEDOUBLE  shift 6
	'['  shift 7
	.  error

	type  goto 17


state 4
	type : tTYPEINT .  (30)

	.  reduce 30


state 5
	type : tTYPESTRING .  (31)

	.  reduce 31


state 6
	type : tTYPEDOUBLE .  (32)

	.  reduce 32


state 7
	type : '[' . type ']'  (33)

	tTYPEINT  shift 4
	tTYPESTRING  shift 5
	tTYPEDOUBLE  shift 6
	'['  shift 7
	.  error

	type  goto 18


state 8
	$accept : file . $end  (0)

	$end  accept


state 9
	vardecl : type . tIDENTIFIER ';'  (9)
	vardecl : type . tIDENTIFIER '=' expr ';'  (12)
	functions : type . tIDENTIFIER '(' fundeclargs ')'  (15)
	functions : type . tIDENTIFIER '(' fundeclargs ')' '=' literal block  (21)
	functions : type . tIDENTIFIER '(' fundeclargs ')' block  (22)

	tIDENTIFIER  shift 19
	.  error


state 10
	file : decls .  (1)
	decls : decls . decl  (4)

	tPUBLIC  shift 1
	tPROCEDURE  shift 2
	tUSE  shift 3
	tTYPEINT  shift 4
	tTYPESTRING  shift 5
	tTYPEDOUBLE  shift 6
	'['  shift 7
	$end  reduce 1

	type  goto 9
	decl  goto 20
	vardecl  goto 12
	functions  goto 13


state 11
	decls : decl .  (3)

	.  reduce 3


state 12
	decl : vardecl .  (6)

	.  reduce 6


state 13
	decl : functions .  (5)

	.  reduce 5


state 14
	functions : tPUBLIC tPROCEDURE . tIDENTIFIER '(' fundeclargs ')'  (17)
	functions : tPUBLIC tPROCEDURE . tIDENTIFIER '(' fundeclargs ')' block  (23)

	tIDENTIFIER  shift 21
	.  error


state 15
	vardecl : tPUBLIC type . tIDENTIFIER ';'  (10)
	vardecl : tPUBLIC type . tIDENTIFIER '=' expr ';'  (13)
	functions : tPUBLIC type . tIDENTIFIER '(' fundeclargs ')'  (14)
	functions : tPUBLIC type . tIDENTIFIER '(' fundeclargs ')' '=' literal block  (19)
	functions : tPUBLIC type . tIDENTIFIER '(' fundeclargs ')' block  (20)

	tIDENTIFIER  shift 22
	.  error


state 16
	functions : tPROCEDURE tIDENTIFIER . '(' fundeclargs ')'  (18)
	functions : tPROCEDURE tIDENTIFIER . '(' fundeclargs ')' block  (24)

	'('  shift 23
	.  error


state 17
	vardecl : tUSE type . tIDENTIFIER ';'  (11)
	functions : tUSE type . tIDENTIFIER '(' fundeclargs ')'  (16)

	tIDENTIFIER  shift 24
	.  error


state 18
	type : '[' type . ']'  (33)

	']'  shift 25
	.  error


state 19
	vardecl : type tIDENTIFIER . ';'  (9)
	vardecl : type tIDENTIFIER . '=' expr ';'  (12)
	functions : type tIDENTIFIER . '(' fundeclargs ')'  (15)
	functions : type tIDENTIFIER . '(' fundeclargs ')' '=' literal block  (21)
	functions : type tIDENTIFIER . '(' fundeclargs ')' block  (22)

	'='  shift 26
	';'  shift 27
	'('  shift 28
	.  error


state 20
	decls : decls decl .  (4)

	.  reduce 4


state 21
	functions : tPUBLIC tPROCEDURE tIDENTIFIER . '(' fundeclargs ')'  (17)
	functions : tPUBLIC tPROCEDURE tIDENTIFIER . '(' fundeclargs ')' block  (23)

	'('  shift 29
	.  error


state 22
	vardecl : tPUBLIC type tIDENTIFIER . ';'  (10)
	vardecl : tPUBLIC type tIDENTIFIER . '=' expr ';'  (13)
	functions : tPUBLIC type tIDENTIFIER . '(' fundeclargs ')'  (14)
	functions : tPUBLIC type tIDENTIFIER . '(' fundeclargs ')' '=' literal block  (19)
	functions : tPUBLIC type tIDENTIFIER . '(' fundeclargs ')' block  (20)

	'='  shift 30
	';'  shift 31
	'('  shift 32
	.  error


state 23
	functions : tPROCEDURE tIDENTIFIER '(' . fundeclargs ')'  (18)
	functions : tPROCEDURE tIDENTIFIER '(' . fundeclargs ')' block  (24)
	fundeclargs : .  (26)

	tTYPEINT  shift 4
	tTYPESTRING  shift 5
	tTYPEDOUBLE  shift 6
	'['  shift 7
	')'  reduce 26

	type  goto 33
	fundeclargs  goto 34
	args  goto 35
	arg  goto 36


state 24
	vardecl : tUSE type tIDENTIFIER . ';'  (11)
	functions : tUSE type tIDENTIFIER . '(' fundeclargs ')'  (16)

	';'  shift 37
	'('  shift 38
	.  error


state 25
	type : '[' type ']' .  (33)

	.  reduce 33


state 26
	vardecl : type tIDENTIFIER '=' . expr ';'  (12)

	tINTEGER  shift 39
	tDOUBLE  shift 40
	tIDENTIFIER  shift 41
	tSTRING  shift 42
	tNULL  shift 43
	'~'  shift 44
	'+'  shift 45
	'-'  shift 46
	'['  shift 47
	'('  shift 48
	'@'  shift 49
	.  error

	literalString  goto 50
	expr  goto 51
	funcall  goto 52
	leftval  goto 53
	literal  goto 54


state 27
	vardecl : type tIDENTIFIER ';' .  (9)

	.  reduce 9


state 28
	functions : type tIDENTIFIER '(' . fundeclargs ')'  (15)
	functions : type tIDENTIFIER '(' . fundeclargs ')' '=' literal block  (21)
	functions : type tIDENTIFIER '(' . fundeclargs ')' block  (22)
	fundeclargs : .  (26)

	tTYPEINT  shift 4
	tTYPESTRING  shift 5
	tTYPEDOUBLE  shift 6
	'['  shift 7
	')'  reduce 26

	type  goto 33
	fundeclargs  goto 55
	args  goto 35
	arg  goto 36


state 29
	functions : tPUBLIC tPROCEDURE tIDENTIFIER '(' . fundeclargs ')'  (17)
	functions : tPUBLIC tPROCEDURE tIDENTIFIER '(' . fundeclargs ')' block  (23)
	fundeclargs : .  (26)

	tTYPEINT  shift 4
	tTYPESTRING  shift 5
	tTYPEDOUBLE  shift 6
	'['  shift 7
	')'  reduce 26

	type  goto 33
	fundeclargs  goto 56
	args  goto 35
	arg  goto 36


state 30
	vardecl : tPUBLIC type tIDENTIFIER '=' . expr ';'  (13)

	tINTEGER  shift 39
	tDOUBLE  shift 40
	tIDENTIFIER  shift 41
	tSTRING  shift 42
	tNULL  shift 43
	'~'  shift 44
	'+'  shift 45
	'-'  shift 46
	'['  shift 47
	'('  shift 48
	'@'  shift 49
	.  error

	literalString  goto 50
	expr  goto 57
	funcall  goto 52
	leftval  goto 53
	literal  goto 54


state 31
	vardecl : tPUBLIC type tIDENTIFIER ';' .  (10)

	.  reduce 10


state 32
	functions : tPUBLIC type tIDENTIFIER '(' . fundeclargs ')'  (14)
	functions : tPUBLIC type tIDENTIFIER '(' . fundeclargs ')' '=' literal block  (19)
	functions : tPUBLIC type tIDENTIFIER '(' . fundeclargs ')' block  (20)
	fundeclargs : .  (26)

	tTYPEINT  shift 4
	tTYPESTRING  shift 5
	tTYPEDOUBLE  shift 6
	'['  shift 7
	')'  reduce 26

	type  goto 33
	fundeclargs  goto 58
	args  goto 35
	arg  goto 36


state 33
	arg : type . tIDENTIFIER  (29)

	tIDENTIFIER  shift 59
	.  error


state 34
	functions : tPROCEDURE tIDENTIFIER '(' fundeclargs . ')'  (18)
	functions : tPROCEDURE tIDENTIFIER '(' fundeclargs . ')' block  (24)

	')'  shift 60
	.  error


state 35
	fundeclargs : args .  (25)
	args : args . ',' arg  (28)

	','  shift 61
	')'  reduce 25


state 36
	args : arg .  (27)

	.  reduce 27


state 37
	vardecl : tUSE type tIDENTIFIER ';' .  (11)

	.  reduce 11


state 38
	functions : tUSE type tIDENTIFIER '(' . fundeclargs ')'  (16)
	fundeclargs : .  (26)

	tTYPEINT  shift 4
	tTYPESTRING  shift 5
	tTYPEDOUBLE  shift 6
	'['  shift 7
	')'  reduce 26

	type  goto 33
	fundeclargs  goto 62
	args  goto 35
	arg  goto 36


state 39
	literal : tINTEGER .  (34)

	.  reduce 34


state 40
	literal : tDOUBLE .  (35)

	.  reduce 35


state 41
	funcall : tIDENTIFIER . '(' ')'  (88)
	funcall : tIDENTIFIER . '(' funcallargs ')'  (89)
	leftval : tIDENTIFIER .  (93)

	'('  shift 63
	tPRINTLN  reduce 93
	'='  reduce 93
	'|'  reduce 93
	'&'  reduce 93
	tEQ  reduce 93
	tNE  reduce 93
	'>'  reduce 93
	'<'  reduce 93
	tGE  reduce 93
	tLE  reduce 93
	'+'  reduce 93
	'-'  reduce 93
	'*'  reduce 93
	'/'  reduce 93
	'%'  reduce 93
	'['  reduce 93
	';'  reduce 93
	')'  reduce 93
	','  reduce 93
	']'  reduce 93
	'!'  reduce 93
	':'  reduce 93
	'?'  reduce 93


state 42
	literalString : tSTRING .  (38)

	.  reduce 38


state 43
	literal : tNULL .  (37)

	.  reduce 37


state 44
	expr : '~' . expr  (67)

	tINTEGER  shift 39
	tDOUBLE  shift 40
	tIDENTIFIER  shift 41
	tSTRING  shift 42
	tNULL  shift 43
	'~'  shift 44
	'+'  shift 45
	'-'  shift 46
	'['  shift 47
	'('  shift 48
	'@'  shift 49
	.  error

	literalString  goto 50
	expr  goto 64
	funcall  goto 52
	leftval  goto 53
	literal  goto 54


state 45
	expr : '+' . expr  (66)

	tINTEGER  shift 39
	tDOUBLE  shift 40
	tIDENTIFIER  shift 41
	tSTRING  shift 42
	tNULL  shift 43
	'~'  shift 44
	'+'  shift 45
	'-'  shift 46
	'['  shift 47
	'('  shift 48
	'@'  shift 49
	.  error

	literalString  goto 50
	expr  goto 65
	funcall  goto 52
	leftval  goto 53
	literal  goto 54


state 46
	expr : '-' . expr  (65)

	tINTEGER  shift 39
	tDOUBLE  shift 40
	tIDENTIFIER  shift 41
	tSTRING  shift 42
	tNULL  shift 43
	'~'  shift 44
	'+'  shift 45
	'-'  shift 46
	'['  shift 47
	'('  shift 48
	'@'  shift 49
	.  error

	literalString  goto 50
	expr  goto 66
	funcall  goto 52
	leftval  goto 53
	literal  goto 54


state 47
	expr : '[' . expr ']'  (82)

	tINTEGER  shift 39
	tDOUBLE  shift 40
	tIDENTIFIER  shift 41
	tSTRING  shift 42
	tNULL  shift 43
	'~'  shift 44
	'+'  shift 45
	'-'  shift 46
	'['  shift 47
	'('  shift 48
	'@'  shift 49
	.  error

	literalString  goto 50
	expr  goto 67
	funcall  goto 52
	leftval  goto 53
	literal  goto 54


state 48
	expr : '(' . expr ')'  (81)

	tINTEGER  shift 39
	tDOUBLE  shift 40
	tIDENTIFIER  shift 41
	tSTRING  shift 42
	tNULL  shift 43
	'~'  shift 44
	'+'  shift 45
	'-'  shift 46
	'['  shift 47
	'('  shift 48
	'@'  shift 49
	.  error

	literalString  goto 50
	expr  goto 68
	funcall  goto 52
	leftval  goto 53
	literal  goto 54


state 49
	expr : '@' .  (87)

	.  reduce 87


state 50
	literal : literalString .  (36)
	literalString : literalString . tSTRING  (39)

	tSTRING  shift 69
	tPRINTLN  reduce 36
	'|'  reduce 36
	'&'  reduce 36
	tEQ  reduce 36
	tNE  reduce 36
	'>'  reduce 36
	'<'  reduce 36
	tGE  reduce 36
	tLE  reduce 36
	'+'  reduce 36
	'-'  reduce 36
	'*'  reduce 36
	'/'  reduce 36
	'%'  reduce 36
	'['  reduce 36
	';'  reduce 36
	')'  reduce 36
	','  reduce 36
	']'  reduce 36
	'{'  reduce 36
	'!'  reduce 36
	':'  reduce 36


state 51
	vardecl : type tIDENTIFIER '=' expr . ';'  (12)
	expr : expr . '+' expr  (68)
	expr : expr . '-' expr  (69)
	expr : expr . '*' expr  (70)
	expr : expr . '/' expr  (71)
	expr : expr . '%' expr  (72)
	expr : expr . '<' expr  (73)
	expr : expr . '>' expr  (74)
	expr : expr . tGE expr  (75)
	expr : expr . tLE expr  (76)
	expr : expr . tNE expr  (77)
	expr : expr . tEQ expr  (78)
	expr : expr . '&' expr  (79)
	expr : expr . '|' expr  (80)
	leftval : expr . '[' expr ']'  (94)

	'|'  shift 70
	'&'  shift 71
	tEQ  shift 72
	tNE  shift 73
	'>'  shift 74
	'<'  shift 75
	tGE  shift 76
	tLE  shift 77
	'+'  shift 78
	'-'  shift 79
	'*'  shift 80
	'/'  shift 81
	'%'  shift 82
	'['  shift 83
	';'  shift 84
	.  error


state 52
	expr : funcall .  (86)

	.  reduce 86


state 53
	expr : leftval .  (83)
	expr : leftval . '=' expr  (84)
	expr : leftval . '?'  (85)

	'='  shift 85
	'?'  shift 86
	tPRINTLN  reduce 83
	'|'  reduce 83
	'&'  reduce 83
	tEQ  reduce 83
	tNE  reduce 83
	'>'  reduce 83
	'<'  reduce 83
	tGE  reduce 83
	tLE  reduce 83
	'+'  reduce 83
	'-'  reduce 83
	'*'  reduce 83
	'/'  reduce 83
	'%'  reduce 83
	'['  reduce 83
	';'  reduce 83
	')'  reduce 83
	','  reduce 83
	']'  reduce 83
	'!'  reduce 83
	':'  reduce 83


state 54
	expr : literal .  (64)

	.  reduce 64


state 55
	functions : type tIDENTIFIER '(' fundeclargs . ')'  (15)
	functions : type tIDENTIFIER '(' fundeclargs . ')' '=' literal block  (21)
	functions : type tIDENTIFIER '(' fundeclargs . ')' block  (22)

	')'  shift 87
	.  error


state 56
	functions : tPUBLIC tPROCEDURE tIDENTIFIER '(' fundeclargs . ')'  (17)
	functions : tPUBLIC tPROCEDURE tIDENTIFIER '(' fundeclargs . ')' block  (23)

	')'  shift 88
	.  error


state 57
	vardecl : tPUBLIC type tIDENTIFIER '=' expr . ';'  (13)
	expr : expr . '+' expr  (68)
	expr : expr . '-' expr  (69)
	expr : expr . '*' expr  (70)
	expr : expr . '/' expr  (71)
	expr : expr . '%' expr  (72)
	expr : expr . '<' expr  (73)
	expr : expr . '>' expr  (74)
	expr : expr . tGE expr  (75)
	expr : expr . tLE expr  (76)
	expr : expr . tNE expr  (77)
	expr : expr . tEQ expr  (78)
	expr : expr . '&' expr  (79)
	expr : expr . '|' expr  (80)
	leftval : expr . '[' expr ']'  (94)

	'|'  shift 70
	'&'  shift 71
	tEQ  shift 72
	tNE  shift 73
	'>'  shift 74
	'<'  shift 75
	tGE  shift 76
	tLE  shift 77
	'+'  shift 78
	'-'  shift 79
	'*'  shift 80
	'/'  shift 81
	'%'  shift 82
	'['  shift 83
	';'  shift 89
	.  error


state 58
	functions : tPUBLIC type tIDENTIFIER '(' fundeclargs . ')'  (14)
	functions : tPUBLIC type tIDENTIFIER '(' fundeclargs . ')' '=' literal block  (19)
	functions : tPUBLIC type tIDENTIFIER '(' fundeclargs . ')' block  (20)

	')'  shift 90
	.  error


state 59
	arg : type tIDENTIFIER .  (29)

	.  reduce 29


state 60
	functions : tPROCEDURE tIDENTIFIER '(' fundeclargs ')' .  (18)
	functions : tPROCEDURE tIDENTIFIER '(' fundeclargs ')' . block  (24)

	'{'  shift 91
	$end  reduce 18
	tPUBLIC  reduce 18
	tPROCEDURE  reduce 18
	tUSE  reduce 18
	tTYPEINT  reduce 18
	tTYPESTRING  reduce 18
	tTYPEDOUBLE  reduce 18
	'['  reduce 18

	block  goto 92


state 61
	args : args ',' . arg  (28)

	tTYPEINT  shift 4
	tTYPESTRING  shift 5
	tTYPEDOUBLE  shift 6
	'['  shift 7
	.  error

	type  goto 33
	arg  goto 93


state 62
	functions : tUSE type tIDENTIFIER '(' fundeclargs . ')'  (16)

	')'  shift 94
	.  error


state 63
	funcall : tIDENTIFIER '(' . ')'  (88)
	funcall : tIDENTIFIER '(' . funcallargs ')'  (89)

	tINTEGER  shift 39
	tDOUBLE  shift 40
	tIDENTIFIER  shift 41
	tSTRING  shift 42
	tNULL  shift 43
	'~'  shift 44
	'+'  shift 45
	'-'  shift 46
	'['  shift 47
	'('  shift 48
	')'  shift 95
	'@'  shift 49
	.  error

	literalString  goto 50
	funcallargs  goto 96
	expr  goto 97
	funcall  goto 52
	funcallarg  goto 98
	leftval  goto 53
	literal  goto 54


state 64
	expr : '~' expr .  (67)
	expr : expr . '+' expr  (68)
	expr : expr . '-' expr  (69)
	expr : expr . '*' expr  (70)
	expr : expr . '/' expr  (71)
	expr : expr . '%' expr  (72)
	expr : expr . '<' expr  (73)
	expr : expr . '>' expr  (74)
	expr : expr . tGE expr  (75)
	expr : expr . tLE expr  (76)
	expr : expr . tNE expr  (77)
	expr : expr . tEQ expr  (78)
	expr : expr . '&' expr  (79)
	expr : expr . '|' expr  (80)
	leftval : expr . '[' expr ']'  (94)

	tEQ  shift 72
	tNE  shift 73
	'>'  shift 74
	'<'  shift 75
	tGE  shift 76
	tLE  shift 77
	'+'  shift 78
	'-'  shift 79
	'*'  shift 80
	'/'  shift 81
	'%'  shift 82
	'['  shift 83
	tPRINTLN  reduce 67
	'|'  reduce 67
	'&'  reduce 67
	';'  reduce 67
	')'  reduce 67
	','  reduce 67
	']'  reduce 67
	'!'  reduce 67
	':'  reduce 67


state 65
	expr : '+' expr .  (66)
	expr : expr . '+' expr  (68)
	expr : expr . '-' expr  (69)
	expr : expr . '*' expr  (70)
	expr : expr . '/' expr  (71)
	expr : expr . '%' expr  (72)
	expr : expr . '<' expr  (73)
	expr : expr . '>' expr  (74)
	expr : expr . tGE expr  (75)
	expr : expr . tLE expr  (76)
	expr : expr . tNE expr  (77)
	expr : expr . tEQ expr  (78)
	expr : expr . '&' expr  (79)
	expr : expr . '|' expr  (80)
	leftval : expr . '[' expr ']'  (94)

	.  reduce 66


state 66
	expr : '-' expr .  (65)
	expr : expr . '+' expr  (68)
	expr : expr . '-' expr  (69)
	expr : expr . '*' expr  (70)
	expr : expr . '/' expr  (71)
	expr : expr . '%' expr  (72)
	expr : expr . '<' expr  (73)
	expr : expr . '>' expr  (74)
	expr : expr . tGE expr  (75)
	expr : expr . tLE expr  (76)
	expr : expr . tNE expr  (77)
	expr : expr . tEQ expr  (78)
	expr : expr . '&' expr  (79)
	expr : expr . '|' expr  (80)
	leftval : expr . '[' expr ']'  (94)

	.  reduce 65


state 67
	expr : expr . '+' expr  (68)
	expr : expr . '-' expr  (69)
	expr : expr . '*' expr  (70)
	expr : expr . '/' expr  (71)
	expr : expr . '%' expr  (72)
	expr : expr . '<' expr  (73)
	expr : expr . '>' expr  (74)
	expr : expr . tGE expr  (75)
	expr : expr . tLE expr  (76)
	expr : expr . tNE expr  (77)
	expr : expr . tEQ expr  (78)
	expr : expr . '&' expr  (79)
	expr : expr . '|' expr  (80)
	expr : '[' expr . ']'  (82)
	leftval : expr . '[' expr ']'  (94)

	'|'  shift 70
	'&'  shift 71
	tEQ  shift 72
	tNE  shift 73
	'>'  shift 74
	'<'  shift 75
	tGE  shift 76
	tLE  shift 77
	'+'  shift 78
	'-'  shift 79
	'*'  shift 80
	'/'  shift 81
	'%'  shift 82
	'['  shift 83
	']'  shift 99
	.  error


state 68
	expr : expr . '+' expr  (68)
	expr : expr . '-' expr  (69)
	expr : expr . '*' expr  (70)
	expr : expr . '/' expr  (71)
	expr : expr . '%' expr  (72)
	expr : expr . '<' expr  (73)
	expr : expr . '>' expr  (74)
	expr : expr . tGE expr  (75)
	expr : expr . tLE expr  (76)
	expr : expr . tNE expr  (77)
	expr : expr . tEQ expr  (78)
	expr : expr . '&' expr  (79)
	expr : expr . '|' expr  (80)
	expr : '(' expr . ')'  (81)
	leftval : expr . '[' expr ']'  (94)

	'|'  shift 70
	'&'  shift 71
	tEQ  shift 72
	tNE  shift 73
	'>'  shift 74
	'<'  shift 75
	tGE  shift 76
	tLE  shift 77
	'+'  shift 78
	'-'  shift 79
	'*'  shift 80
	'/'  shift 81
	'%'  shift 82
	'['  shift 83
	')'  shift 100
	.  error


state 69
	literalString : literalString tSTRING .  (39)

	.  reduce 39


state 70
	expr : expr '|' . expr  (80)

	tINTEGER  shift 39
	tDOUBLE  shift 40
	tIDENTIFIER  shift 41
	tSTRING  shift 42
	tNULL  shift 43
	'~'  shift 44
	'+'  shift 45
	'-'  shift 46
	'['  shift 47
	'('  shift 48
	'@'  shift 49
	.  error

	literalString  goto 50
	expr  goto 101
	funcall  goto 52
	leftval  goto 53
	literal  goto 54


state 71
	expr : expr '&' . expr  (79)

	tINTEGER  shift 39
	tDOUBLE  shift 40
	tIDENTIFIER  shift 41
	tSTRING  shift 42
	tNULL  shift 43
	'~'  shift 44
	'+'  shift 45
	'-'  shift 46
	'['  shift 47
	'('  shift 48
	'@'  shift 49
	.  error

	literalString  goto 50
	expr  goto 102
	funcall  goto 52
	leftval  goto 53
	literal  goto 54


state 72
	expr : expr tEQ . expr  (78)

	tINTEGER  shift 39
	tDOUBLE  shift 40
	tIDENTIFIER  shift 41
	tSTRING  shift 42
	tNULL  shift 43
	'~'  shift 44
	'+'  shift 45
	'-'  shift 46
	'['  shift 47
	'('  shift 48
	'@'  shift 49
	.  error

	literalString  goto 50
	expr  goto 103
	funcall  goto 52
	leftval  goto 53
	literal  goto 54


state 73
	expr : expr tNE . expr  (77)

	tINTEGER  shift 39
	tDOUBLE  shift 40
	tIDENTIFIER  shift 41
	tSTRING  shift 42
	tNULL  shift 43
	'~'  shift 44
	'+'  shift 45
	'-'  shift 46
	'['  shift 47
	'('  shift 48
	'@'  shift 49
	.  error

	literalString  goto 50
	expr  goto 104
	funcall  goto 52
	leftval  goto 53
	literal  goto 54


state 74
	expr : expr '>' . expr  (74)

	tINTEGER  shift 39
	tDOUBLE  shift 40
	tIDENTIFIER  shift 41
	tSTRING  shift 42
	tNULL  shift 43
	'~'  shift 44
	'+'  shift 45
	'-'  shift 46
	'['  shift 47
	'('  shift 48
	'@'  shift 49
	.  error

	literalString  goto 50
	expr  goto 105
	funcall  goto 52
	leftval  goto 53
	literal  goto 54


state 75
	expr : expr '<' . expr  (73)

	tINTEGER  shift 39
	tDOUBLE  shift 40
	tIDENTIFIER  shift 41
	tSTRING  shift 42
	tNULL  shift 43
	'~'  shift 44
	'+'  shift 45
	'-'  shift 46
	'['  shift 47
	'('  shift 48
	'@'  shift 49
	.  error

	literalString  goto 50
	expr  goto 106
	funcall  goto 52
	leftval  goto 53
	literal  goto 54


state 76
	expr : expr tGE . expr  (75)

	tINTEGER  shift 39
	tDOUBLE  shift 40
	tIDENTIFIER  shift 41
	tSTRING  shift 42
	tNULL  shift 43
	'~'  shift 44
	'+'  shift 45
	'-'  shift 46
	'['  shift 47
	'('  shift 48
	'@'  shift 49
	.  error

	literalString  goto 50
	expr  goto 107
	funcall  goto 52
	leftval  goto 53
	literal  goto 54


state 77
	expr : expr tLE . expr  (76)

	tINTEGER  shift 39
	tDOUBLE  shift 40
	tIDENTIFIER  shift 41
	tSTRING  shift 42
	tNULL  shift 43
	'~'  shift 44
	'+'  shift 45
	'-'  shift 46
	'['  shift 47
	'('  shift 48
	'@'  shift 49
	.  error

	literalString  goto 50
	expr  goto 108
	funcall  goto 52
	leftval  goto 53
	literal  goto 54


state 78
	expr : expr '+' . expr  (68)

	tINTEGER  shift 39
	tDOUBLE  shift 40
	tIDENTIFIER  shift 41
	tSTRING  shift 42
	tNULL  shift 43
	'~'  shift 44
	'+'  shift 45
	'-'  shift 46
	'['  shift 47
	'('  shift 48
	'@'  shift 49
	.  error

	literalString  goto 50
	expr  goto 109
	funcall  goto 52
	leftval  goto 53
	literal  goto 54


state 79
	expr : expr '-' . expr  (69)

	tINTEGER  shift 39
	tDOUBLE  shift 40
	tIDENTIFIER  shift 41
	tSTRING  shift 42
	tNULL  shift 43
	'~'  shift 44
	'+'  shift 45
	'-'  shift 46
	'['  shift 47
	'('  shift 48
	'@'  shift 49
	.  error

	literalString  goto 50
	expr  goto 110
	funcall  goto 52
	leftval  goto 53
	literal  goto 54


state 80
	expr : expr '*' . expr  (70)

	tINTEGER  shift 39
	tDOUBLE  shift 40
	tIDENTIFIER  shift 41
	tSTRING  shift 42
	tNULL  shift 43
	'~'  shift 44
	'+'  shift 45
	'-'  shift 46
	'['  shift 47
	'('  shift 48
	'@'  shift 49
	.  error

	literalString  goto 50
	expr  goto 111
	funcall  goto 52
	leftval  goto 53
	literal  goto 54


state 81
	expr : expr '/' . expr  (71)

	tINTEGER  shift 39
	tDOUBLE  shift 40
	tIDENTIFIER  shift 41
	tSTRING  shift 42
	tNULL  shift 43
	'~'  shift 44
	'+'  shift 45
	'-'  shift 46
	'['  shift 47
	'('  shift 48
	'@'  shift 49
	.  error

	literalString  goto 50
	expr  goto 112
	funcall  goto 52
	leftval  goto 53
	literal  goto 54


state 82
	expr : expr '%' . expr  (72)

	tINTEGER  shift 39
	tDOUBLE  shift 40
	tIDENTIFIER  shift 41
	tSTRING  shift 42
	tNULL  shift 43
	'~'  shift 44
	'+'  shift 45
	'-'  shift 46
	'['  shift 47
	'('  shift 48
	'@'  shift 49
	.  error

	literalString  goto 50
	expr  goto 113
	funcall  goto 52
	leftval  goto 53
	literal  goto 54


state 83
	leftval : expr '[' . expr ']'  (94)

	tINTEGER  shift 39
	tDOUBLE  shift 40
	tIDENTIFIER  shift 41
	tSTRING  shift 42
	tNULL  shift 43
	'~'  shift 44
	'+'  shift 45
	'-'  shift 46
	'['  shift 47
	'('  shift 48
	'@'  shift 49
	.  error

	literalString  goto 50
	expr  goto 114
	funcall  goto 52
	leftval  goto 53
	literal  goto 54


state 84
	vardecl : type tIDENTIFIER '=' expr ';' .  (12)

	.  reduce 12


state 85
	expr : leftval '=' . expr  (84)

	tINTEGER  shift 39
	tDOUBLE  shift 40
	tIDENTIFIER  shift 41
	tSTRING  shift 42
	tNULL  shift 43
	'~'  shift 44
	'+'  shift 45
	'-'  shift 46
	'['  shift 47
	'('  shift 48
	'@'  shift 49
	.  error

	literalString  goto 50
	expr  goto 115
	funcall  goto 52
	leftval  goto 53
	literal  goto 54


state 86
	expr : leftval '?' .  (85)

	.  reduce 85


state 87
	functions : type tIDENTIFIER '(' fundeclargs ')' .  (15)
	functions : type tIDENTIFIER '(' fundeclargs ')' . '=' literal block  (21)
	functions : type tIDENTIFIER '(' fundeclargs ')' . block  (22)

	'='  shift 116
	'{'  shift 91
	$end  reduce 15
	tPUBLIC  reduce 15
	tPROCEDURE  reduce 15
	tUSE  reduce 15
	tTYPEINT  reduce 15
	tTYPESTRING  reduce 15
	tTYPEDOUBLE  reduce 15
	'['  reduce 15

	block  goto 117


state 88
	functions : tPUBLIC tPROCEDURE tIDENTIFIER '(' fundeclargs ')' .  (17)
	functions : tPUBLIC tPROCEDURE tIDENTIFIER '(' fundeclargs ')' . block  (23)

	'{'  shift 91
	$end  reduce 17
	tPUBLIC  reduce 17
	tPROCEDURE  reduce 17
	tUSE  reduce 17
	tTYPEINT  reduce 17
	tTYPESTRING  reduce 17
	tTYPEDOUBLE  reduce 17
	'['  reduce 17

	block  goto 118


state 89
	vardecl : tPUBLIC type tIDENTIFIER '=' expr ';' .  (13)

	.  reduce 13


state 90
	functions : tPUBLIC type tIDENTIFIER '(' fundeclargs ')' .  (14)
	functions : tPUBLIC type tIDENTIFIER '(' fundeclargs ')' . '=' literal block  (19)
	functions : tPUBLIC type tIDENTIFIER '(' fundeclargs ')' . block  (20)

	'='  shift 119
	'{'  shift 91
	$end  reduce 14
	tPUBLIC  reduce 14
	tPROCEDURE  reduce 14
	tUSE  reduce 14
	tTYPEINT  reduce 14
	tTYPESTRING  reduce 14
	tTYPEDOUBLE  reduce 14
	'['  reduce 14

	block  goto 120


state 91
	block : '{' . vardecls list '}'  (40)
	block : '{' . vardecls '}'  (41)
	block : '{' . list '}'  (42)
	block : '{' . '}'  (43)

	tINTEGER  shift 39
	tDOUBLE  shift 40
	tIDENTIFIER  shift 41
	tSTRING  shift 42
	tNULL  shift 43
	tWHILE  shift 121
	tIF  shift 122
	tRETURN  shift 123
	tSTOP  shift 124
	tNEXT  shift 125
	tSWEEP  shift 126
	tPUBLIC  shift 127
	tUSE  shift 128
	tTYPEINT  shift 4
	tTYPESTRING  shift 5
	tTYPEDOUBLE  shift 6
	'~'  shift 44
	'+'  shift 45
	'-'  shift 46
	'['  shift 129
	'('  shift 48
	'{'  shift 91
	'}'  shift 130
	'@'  shift 49
	.  error

	literalString  goto 50
	type  goto 131
	stmt  goto 132
	sweeploop  goto 133
	list  goto 134
	expr  goto 135
	funcall  goto 52
	leftval  goto 53
	vardecls  goto 136
	vardecl  goto 137
	literal  goto 54
	block  goto 138


state 92
	functions : tPROCEDURE tIDENTIFIER '(' fundeclargs ')' block .  (24)

	.  reduce 24


state 93
	args : args ',' arg .  (28)

	.  reduce 28


state 94
	functions : tUSE type tIDENTIFIER '(' fundeclargs ')' .  (16)

	.  reduce 16


state 95
	funcall : tIDENTIFIER '(' ')' .  (88)

	.  reduce 88


state 96
	funcall : tIDENTIFIER '(' funcallargs . ')'  (89)
	funcallargs : funcallargs . ',' funcallarg  (91)

	')'  shift 139
	','  shift 140
	.  error


state 97
	expr : expr . '+' expr  (68)
	expr : expr . '-' expr  (69)
	expr : expr . '*' expr  (70)
	expr : expr . '/' expr  (71)
	expr : expr . '%' expr  (72)
	expr : expr . '<' expr  (73)
	expr : expr . '>' expr  (74)
	expr : expr . tGE expr  (75)
	expr : expr . tLE expr  (76)
	expr : expr . tNE expr  (77)
	expr : expr . tEQ expr  (78)
	expr : expr . '&' expr  (79)
	expr : expr . '|' expr  (80)
	funcallarg : expr .  (92)
	leftval : expr . '[' expr ']'  (94)

	'|'  shift 70
	'&'  shift 71
	tEQ  shift 72
	tNE  shift 73
	'>'  shift 74
	'<'  shift 75
	tGE  shift 76
	tLE  shift 77
	'+'  shift 78
	'-'  shift 79
	'*'  shift 80
	'/'  shift 81
	'%'  shift 82
	'['  shift 83
	')'  reduce 92
	','  reduce 92


state 98
	funcallargs : funcallarg .  (90)

	.  reduce 90


state 99
	expr : '[' expr ']' .  (82)

	.  reduce 82


state 100
	expr : '(' expr ')' .  (81)

	.  reduce 81


state 101
	expr : expr . '+' expr  (68)
	expr : expr . '-' expr  (69)
	expr : expr . '*' expr  (70)
	expr : expr . '/' expr  (71)
	expr : expr . '%' expr  (72)
	expr : expr . '<' expr  (73)
	expr : expr . '>' expr  (74)
	expr : expr . tGE expr  (75)
	expr : expr . tLE expr  (76)
	expr : expr . tNE expr  (77)
	expr : expr . tEQ expr  (78)
	expr : expr . '&' expr  (79)
	expr : expr . '|' expr  (80)
	expr : expr '|' expr .  (80)
	leftval : expr . '[' expr ']'  (94)

	'&'  shift 71
	tEQ  shift 72
	tNE  shift 73
	'>'  shift 74
	'<'  shift 75
	tGE  shift 76
	tLE  shift 77
	'+'  shift 78
	'-'  shift 79
	'*'  shift 80
	'/'  shift 81
	'%'  shift 82
	'['  shift 83
	tPRINTLN  reduce 80
	'|'  reduce 80
	';'  reduce 80
	')'  reduce 80
	','  reduce 80
	']'  reduce 80
	'!'  reduce 80
	':'  reduce 80


state 102
	expr : expr . '+' expr  (68)
	expr : expr . '-' expr  (69)
	expr : expr . '*' expr  (70)
	expr : expr . '/' expr  (71)
	expr : expr . '%' expr  (72)
	expr : expr . '<' expr  (73)
	expr : expr . '>' expr  (74)
	expr : expr . tGE expr  (75)
	expr : expr . tLE expr  (76)
	expr : expr . tNE expr  (77)
	expr : expr . tEQ expr  (78)
	expr : expr . '&' expr  (79)
	expr : expr '&' expr .  (79)
	expr : expr . '|' expr  (80)
	leftval : expr . '[' expr ']'  (94)

	tEQ  shift 72
	tNE  shift 73
	'>'  shift 74
	'<'  shift 75
	tGE  shift 76
	tLE  shift 77
	'+'  shift 78
	'-'  shift 79
	'*'  shift 80
	'/'  shift 81
	'%'  shift 82
	'['  shift 83
	tPRINTLN  reduce 79
	'|'  reduce 79
	'&'  reduce 79
	';'  reduce 79
	')'  reduce 79
	','  reduce 79
	']'  reduce 79
	'!'  reduce 79
	':'  reduce 79


state 103
	expr : expr . '+' expr  (68)
	expr : expr . '-' expr  (69)
	expr : expr . '*' expr  (70)
	expr : expr . '/' expr  (71)
	expr : expr . '%' expr  (72)
	expr : expr . '<' expr  (73)
	expr : expr . '>' expr  (74)
	expr : expr . tGE expr  (75)
	expr : expr . tLE expr  (76)
	expr : expr . tNE expr  (77)
	expr : expr . tEQ expr  (78)
	expr : expr tEQ expr .  (78)
	expr : expr . '&' expr  (79)
	expr : expr . '|' expr  (80)
	leftval : expr . '[' expr ']'  (94)

	'>'  shift 74
	'<'  shift 75
	tGE  shift 76
	tLE  shift 77
	'+'  shift 78
	'-'  shift 79
	'*'  shift 80
	'/'  shift 81
	'%'  shift 82
	'['  shift 83
	tPRINTLN  reduce 78
	'|'  reduce 78
	'&'  reduce 78
	tEQ  reduce 78
	tNE  reduce 78
	';'  reduce 78
	')'  reduce 78
	','  reduce 78
	']'  reduce 78
	'!'  reduce 78
	':'  reduce 78


state 104
	expr : expr . '+' expr  (68)
	expr : expr . '-' expr  (69)
	expr : expr . '*' expr  (70)
	expr : expr . '/' expr  (71)
	expr : expr . '%' expr  (72)
	expr : expr . '<' expr  (73)
	expr : expr . '>' expr  (74)
	expr : expr . tGE expr  (75)
	expr : expr . tLE expr  (76)
	expr : expr . tNE expr  (77)
	expr : expr tNE expr .  (77)
	expr : expr . tEQ expr  (78)
	expr : expr . '&' expr  (79)
	expr : expr . '|' expr  (80)
	leftval : expr . '[' expr ']'  (94)

	'>'  shift 74
	'<'  shift 75
	tGE  shift 76
	tLE  shift 77
	'+'  shift 78
	'-'  shift 79
	'*'  shift 80
	'/'  shift 81
	'%'  shift 82
	'['  shift 83
	tPRINTLN  reduce 77
	'|'  reduce 77
	'&'  reduce 77
	tEQ  reduce 77
	tNE  reduce 77
	';'  reduce 77
	')'  reduce 77
	','  reduce 77
	']'  reduce 77
	'!'  reduce 77
	':'  reduce 77


state 105
	expr : expr . '+' expr  (68)
	expr : expr . '-' expr  (69)
	expr : expr . '*' expr  (70)
	expr : expr . '/' expr  (71)
	expr : expr . '%' expr  (72)
	expr : expr . '<' expr  (73)
	expr : expr . '>' expr  (74)
	expr : expr '>' expr .  (74)
	expr : expr . tGE expr  (75)
	expr : expr . tLE expr  (76)
	expr : expr . tNE expr  (77)
	expr : expr . tEQ expr  (78)
	expr : expr . '&' expr  (79)
	expr : expr . '|' expr  (80)
	leftval : expr . '[' expr ']'  (94)

	'+'  shift 78
	'-'  shift 79
	'*'  shift 80
	'/'  shift 81
	'%'  shift 82
	'['  shift 83
	tPRINTLN  reduce 74
	'|'  reduce 74
	'&'  reduce 74
	tEQ  reduce 74
	tNE  reduce 74
	'>'  reduce 74
	'<'  reduce 74
	tGE  reduce 74
	tLE  reduce 74
	';'  reduce 74
	')'  reduce 74
	','  reduce 74
	']'  reduce 74
	'!'  reduce 74
	':'  reduce 74


state 106
	expr : expr . '+' expr  (68)
	expr : expr . '-' expr  (69)
	expr : expr . '*' expr  (70)
	expr : expr . '/' expr  (71)
	expr : expr . '%' expr  (72)
	expr : expr . '<' expr  (73)
	expr : expr '<' expr .  (73)
	expr : expr . '>' expr  (74)
	expr : expr . tGE expr  (75)
	expr : expr . tLE expr  (76)
	expr : expr . tNE expr  (77)
	expr : expr . tEQ expr  (78)
	expr : expr . '&' expr  (79)
	expr : expr . '|' expr  (80)
	leftval : expr . '[' expr ']'  (94)

	'+'  shift 78
	'-'  shift 79
	'*'  shift 80
	'/'  shift 81
	'%'  shift 82
	'['  shift 83
	tPRINTLN  reduce 73
	'|'  reduce 73
	'&'  reduce 73
	tEQ  reduce 73
	tNE  reduce 73
	'>'  reduce 73
	'<'  reduce 73
	tGE  reduce 73
	tLE  reduce 73
	';'  reduce 73
	')'  reduce 73
	','  reduce 73
	']'  reduce 73
	'!'  reduce 73
	':'  reduce 73


state 107
	expr : expr . '+' expr  (68)
	expr : expr . '-' expr  (69)
	expr : expr . '*' expr  (70)
	expr : expr . '/' expr  (71)
	expr : expr . '%' expr  (72)
	expr : expr . '<' expr  (73)
	expr : expr . '>' expr  (74)
	expr : expr . tGE expr  (75)
	expr : expr tGE expr .  (75)
	expr : expr . tLE expr  (76)
	expr : expr . tNE expr  (77)
	expr : expr . tEQ expr  (78)
	expr : expr . '&' expr  (79)
	expr : expr . '|' expr  (80)
	leftval : expr . '[' expr ']'  (94)

	'+'  shift 78
	'-'  shift 79
	'*'  shift 80
	'/'  shift 81
	'%'  shift 82
	'['  shift 83
	tPRINTLN  reduce 75
	'|'  reduce 75
	'&'  reduce 75
	tEQ  reduce 75
	tNE  reduce 75
	'>'  reduce 75
	'<'  reduce 75
	tGE  reduce 75
	tLE  reduce 75
	';'  reduce 75
	')'  reduce 75
	','  reduce 75
	']'  reduce 75
	'!'  reduce 75
	':'  reduce 75


state 108
	expr : expr . '+' expr  (68)
	expr : expr . '-' expr  (69)
	expr : expr . '*' expr  (70)
	expr : expr . '/' expr  (71)
	expr : expr . '%' expr  (72)
	expr : expr . '<' expr  (73)
	expr : expr . '>' expr  (74)
	expr : expr . tGE expr  (75)
	expr : expr . tLE expr  (76)
	expr : expr tLE expr .  (76)
	expr : expr . tNE expr  (77)
	expr : expr . tEQ expr  (78)
	expr : expr . '&' expr  (79)
	expr : expr . '|' expr  (80)
	leftval : expr . '[' expr ']'  (94)

	'+'  shift 78
	'-'  shift 79
	'*'  shift 80
	'/'  shift 81
	'%'  shift 82
	'['  shift 83
	tPRINTLN  reduce 76
	'|'  reduce 76
	'&'  reduce 76
	tEQ  reduce 76
	tNE  reduce 76
	'>'  reduce 76
	'<'  reduce 76
	tGE  reduce 76
	tLE  reduce 76
	';'  reduce 76
	')'  reduce 76
	','  reduce 76
	']'  reduce 76
	'!'  reduce 76
	':'  reduce 76


state 109
	expr : expr . '+' expr  (68)
	expr : expr '+' expr .  (68)
	expr : expr . '-' expr  (69)
	expr : expr . '*' expr  (70)
	expr : expr . '/' expr  (71)
	expr : expr . '%' expr  (72)
	expr : expr . '<' expr  (73)
	expr : expr . '>' expr  (74)
	expr : expr . tGE expr  (75)
	expr : expr . tLE expr  (76)
	expr : expr . tNE expr  (77)
	expr : expr . tEQ expr  (78)
	expr : expr . '&' expr  (79)
	expr : expr . '|' expr  (80)
	leftval : expr . '[' expr ']'  (94)

	'*'  shift 80
	'/'  shift 81
	'%'  shift 82
	'['  shift 83
	tPRINTLN  reduce 68
	'|'  reduce 68
	'&'  reduce 68
	tEQ  reduce 68
	tNE  reduce 68
	'>'  reduce 68
	'<'  reduce 68
	tGE  reduce 68
	tLE  reduce 68
	'+'  reduce 68
	'-'  reduce 68
	';'  reduce 68
	')'  reduce 68
	','  reduce 68
	']'  reduce 68
	'!'  reduce 68
	':'  reduce 68


state 110
	expr : expr . '+' expr  (68)
	expr : expr . '-' expr  (69)
	expr : expr '-' expr .  (69)
	expr : expr . '*' expr  (70)
	expr : expr . '/' expr  (71)
	expr : expr . '%' expr  (72)
	expr : expr . '<' expr  (73)
	expr : expr . '>' expr  (74)
	expr : expr . tGE expr  (75)
	expr : expr . tLE expr  (76)
	expr : expr . tNE expr  (77)
	expr : expr . tEQ expr  (78)
	expr : expr . '&' expr  (79)
	expr : expr . '|' expr  (80)
	leftval : expr . '[' expr ']'  (94)

	'*'  shift 80
	'/'  shift 81
	'%'  shift 82
	'['  shift 83
	tPRINTLN  reduce 69
	'|'  reduce 69
	'&'  reduce 69
	tEQ  reduce 69
	tNE  reduce 69
	'>'  reduce 69
	'<'  reduce 69
	tGE  reduce 69
	tLE  reduce 69
	'+'  reduce 69
	'-'  reduce 69
	';'  reduce 69
	')'  reduce 69
	','  reduce 69
	']'  reduce 69
	'!'  reduce 69
	':'  reduce 69


state 111
	expr : expr . '+' expr  (68)
	expr : expr . '-' expr  (69)
	expr : expr . '*' expr  (70)
	expr : expr '*' expr .  (70)
	expr : expr . '/' expr  (71)
	expr : expr . '%' expr  (72)
	expr : expr . '<' expr  (73)
	expr : expr . '>' expr  (74)
	expr : expr . tGE expr  (75)
	expr : expr . tLE expr  (76)
	expr : expr . tNE expr  (77)
	expr : expr . tEQ expr  (78)
	expr : expr . '&' expr  (79)
	expr : expr . '|' expr  (80)
	leftval : expr . '[' expr ']'  (94)

	'['  shift 83
	tPRINTLN  reduce 70
	'|'  reduce 70
	'&'  reduce 70
	tEQ  reduce 70
	tNE  reduce 70
	'>'  reduce 70
	'<'  reduce 70
	tGE  reduce 70
	tLE  reduce 70
	'+'  reduce 70
	'-'  reduce 70
	'*'  reduce 70
	'/'  reduce 70
	'%'  reduce 70
	';'  reduce 70
	')'  reduce 70
	','  reduce 70
	']'  reduce 70
	'!'  reduce 70
	':'  reduce 70


state 112
	expr : expr . '+' expr  (68)
	expr : expr . '-' expr  (69)
	expr : expr . '*' expr  (70)
	expr : expr . '/' expr  (71)
	expr : expr '/' expr .  (71)
	expr : expr . '%' expr  (72)
	expr : expr . '<' expr  (73)
	expr : expr . '>' expr  (74)
	expr : expr . tGE expr  (75)
	expr : expr . tLE expr  (76)
	expr : expr . tNE expr  (77)
	expr : expr . tEQ expr  (78)
	expr : expr . '&' expr  (79)
	expr : expr . '|' expr  (80)
	leftval : expr . '[' expr ']'  (94)

	'['  shift 83
	tPRINTLN  reduce 71
	'|'  reduce 71
	'&'  reduce 71
	tEQ  reduce 71
	tNE  reduce 71
	'>'  reduce 71
	'<'  reduce 71
	tGE  reduce 71
	tLE  reduce 71
	'+'  reduce 71
	'-'  reduce 71
	'*'  reduce 71
	'/'  reduce 71
	'%'  reduce 71
	';'  reduce 71
	')'  reduce 71
	','  reduce 71
	']'  reduce 71
	'!'  reduce 71
	':'  reduce 71


state 113
	expr : expr . '+' expr  (68)
	expr : expr . '-' expr  (69)
	expr : expr . '*' expr  (70)
	expr : expr . '/' expr  (71)
	expr : expr . '%' expr  (72)
	expr : expr '%' expr .  (72)
	expr : expr . '<' expr  (73)
	expr : expr . '>' expr  (74)
	expr : expr . tGE expr  (75)
	expr : expr . tLE expr  (76)
	expr : expr . tNE expr  (77)
	expr : expr . tEQ expr  (78)
	expr : expr . '&' expr  (79)
	expr : expr . '|' expr  (80)
	leftval : expr . '[' expr ']'  (94)

	'['  shift 83
	tPRINTLN  reduce 72
	'|'  reduce 72
	'&'  reduce 72
	tEQ  reduce 72
	tNE  reduce 72
	'>'  reduce 72
	'<'  reduce 72
	tGE  reduce 72
	tLE  reduce 72
	'+'  reduce 72
	'-'  reduce 72
	'*'  reduce 72
	'/'  reduce 72
	'%'  reduce 72
	';'  reduce 72
	')'  reduce 72
	','  reduce 72
	']'  reduce 72
	'!'  reduce 72
	':'  reduce 72


state 114
	expr : expr . '+' expr  (68)
	expr : expr . '-' expr  (69)
	expr : expr . '*' expr  (70)
	expr : expr . '/' expr  (71)
	expr : expr . '%' expr  (72)
	expr : expr . '<' expr  (73)
	expr : expr . '>' expr  (74)
	expr : expr . tGE expr  (75)
	expr : expr . tLE expr  (76)
	expr : expr . tNE expr  (77)
	expr : expr . tEQ expr  (78)
	expr : expr . '&' expr  (79)
	expr : expr . '|' expr  (80)
	leftval : expr . '[' expr ']'  (94)
	leftval : expr '[' expr . ']'  (94)

	'|'  shift 70
	'&'  shift 71
	tEQ  shift 72
	tNE  shift 73
	'>'  shift 74
	'<'  shift 75
	tGE  shift 76
	tLE  shift 77
	'+'  shift 78
	'-'  shift 79
	'*'  shift 80
	'/'  shift 81
	'%'  shift 82
	'['  shift 83
	']'  shift 141
	.  error


state 115
	expr : expr . '+' expr  (68)
	expr : expr . '-' expr  (69)
	expr : expr . '*' expr  (70)
	expr : expr . '/' expr  (71)
	expr : expr . '%' expr  (72)
	expr : expr . '<' expr  (73)
	expr : expr . '>' expr  (74)
	expr : expr . tGE expr  (75)
	expr : expr . tLE expr  (76)
	expr : expr . tNE expr  (77)
	expr : expr . tEQ expr  (78)
	expr : expr . '&' expr  (79)
	expr : expr . '|' expr  (80)
	expr : leftval '=' expr .  (84)
	leftval : expr . '[' expr ']'  (94)

	'|'  shift 70
	'&'  shift 71
	tEQ  shift 72
	tNE  shift 73
	'>'  shift 74
	'<'  shift 75
	tGE  shift 76
	tLE  shift 77
	'+'  shift 78
	'-'  shift 79
	'*'  shift 80
	'/'  shift 81
	'%'  shift 82
	'['  shift 83
	tPRINTLN  reduce 84
	';'  reduce 84
	')'  reduce 84
	','  reduce 84
	']'  reduce 84
	'!'  reduce 84
	':'  reduce 84


state 116
	functions : type tIDENTIFIER '(' fundeclargs ')' '=' . literal block  (21)

	tINTEGER  shift 39
	tDOUBLE  shift 40
	tSTRING  shift 42
	tNULL  shift 43
	.  error

	literalString  goto 50
	literal  goto 142


state 117
	functions : type tIDENTIFIER '(' fundeclargs ')' block .  (22)

	.  reduce 22


state 118
	functions : tPUBLIC tPROCEDURE tIDENTIFIER '(' fundeclargs ')' block .  (23)

	.  reduce 23


state 119
	functions : tPUBLIC type tIDENTIFIER '(' fundeclargs ')' '=' . literal block  (19)

	tINTEGER  shift 39
	tDOUBLE  shift 40
	tSTRING  shift 42
	tNULL  shift 43
	.  error

	literalString  goto 50
	literal  goto 143


state 120
	functions : tPUBLIC type tIDENTIFIER '(' fundeclargs ')' block .  (20)

	.  reduce 20


state 121
	stmt : tWHILE . '(' expr ')' stmt  (49)

	'('  shift 144
	.  error


state 122
	stmt : tIF . '(' expr ')' stmt  (54)
	stmt : tIF . '(' expr ')' stmt elseconds  (55)

	'('  shift 145
	.  error


state 123
	stmt : tRETURN .  (53)

	.  reduce 53


state 124
	stmt : tSTOP .  (52)

	.  reduce 52


state 125
	stmt : tNEXT .  (51)

	.  reduce 51


state 126
	sweeploop : tSWEEP . '+' '(' leftval ':' expr ':' expr ')' stmt  (57)
	sweeploop : tSWEEP . '-' '(' leftval ':' expr ':' expr ')' stmt  (58)
	sweeploop : tSWEEP . '+' '(' leftval ':' expr ':' expr ':' expr ')' stmt  (59)
	sweeploop : tSWEEP . '-' '(' leftval ':' expr ':' expr ':' expr ')' stmt  (60)

	'+'  shift 146
	'-'  shift 147
	.  error


state 127
	vardecl : tPUBLIC . type tIDENTIFIER ';'  (10)
	vardecl : tPUBLIC . type tIDENTIFIER '=' expr ';'  (13)

	tTYPEINT  shift 4
	tTYPESTRING  shift 5
	tTYPEDOUBLE  shift 6
	'['  shift 7
	.  error

	type  goto 148


state 128
	vardecl : tUSE . type tIDENTIFIER ';'  (11)

	tTYPEINT  shift 4
	tTYPESTRING  shift 5
	tTYPEDOUBLE  shift 6
	'['  shift 7
	.  error

	type  goto 149


state 129
	type : '[' . type ']'  (33)
	expr : '[' . expr ']'  (82)

	tINTEGER  shift 39
	tDOUBLE  shift 40
	tIDENTIFIER  shift 41
	tSTRING  shift 42
	tNULL  shift 43
	tTYPEINT  shift 4
	tTYPESTRING  shift 5
	tTYPEDOUBLE  shift 6
	'~'  shift 44
	'+'  shift 45
	'-'  shift 46
	'['  shift 129
	'('  shift 48
	'@'  shift 49
	.  error

	literalString  goto 50
	type  goto 18
	expr  goto 67
	funcall  goto 52
	leftval  goto 53
	literal  goto 54


state 130
	block : '{' '}' .  (43)

	.  reduce 43


state 131
	vardecl : type . tIDENTIFIER ';'  (9)
	vardecl : type . tIDENTIFIER '=' expr ';'  (12)

	tIDENTIFIER  shift 150
	.  error


state 132
	list : stmt .  (44)

	.  reduce 44


state 133
	stmt : sweeploop .  (50)

	.  reduce 50


state 134
	block : '{' list . '}'  (42)
	list : list . stmt  (45)

	tINTEGER  shift 39
	tDOUBLE  shift 40
	tIDENTIFIER  shift 41
	tSTRING  shift 42
	tNULL  shift 43
	tWHILE  shift 121
	tIF  shift 122
	tRETURN  shift 123
	tSTOP  shift 124
	tNEXT  shift 125
	tSWEEP  shift 126
	'~'  shift 44
	'+'  shift 45
	'-'  shift 46
	'['  shift 47
	'('  shift 48
	'{'  shift 91
	'}'  shift 151
	'@'  shift 49
	.  error

	literalString  goto 50
	stmt  goto 152
	sweeploop  goto 133
	expr  goto 135
	funcall  goto 52
	leftval  goto 53
	literal  goto 54
	block  goto 138


state 135
	stmt : expr . ';'  (46)
	stmt : expr . '!'  (47)
	stmt : expr . tPRINTLN  (48)
	expr : expr . '+' expr  (68)
	expr : expr . '-' expr  (69)
	expr : expr . '*' expr  (70)
	expr : expr . '/' expr  (71)
	expr : expr . '%' expr  (72)
	expr : expr . '<' expr  (73)
	expr : expr . '>' expr  (74)
	expr : expr . tGE expr  (75)
	expr : expr . tLE expr  (76)
	expr : expr . tNE expr  (77)
	expr : expr . tEQ expr  (78)
	expr : expr . '&' expr  (79)
	expr : expr . '|' expr  (80)
	leftval : expr . '[' expr ']'  (94)

	tPRINTLN  shift 153
	'|'  shift 70
	'&'  shift 71
	tEQ  shift 72
	tNE  shift 73
	'>'  shift 74
	'<'  shift 75
	tGE  shift 76
	tLE  shift 77
	'+'  shift 78
	'-'  shift 79
	'*'  shift 80
	'/'  shift 81
	'%'  shift 82
	'['  shift 83
	';'  shift 154
	'!'  shift 155
	.  error


state 136
	vardecls : vardecls . vardecl  (8)
	block : '{' vardecls . list '}'  (40)
	block : '{' vardecls . '}'  (41)

	tINTEGER  shift 39
	tDOUBLE  shift 40
	tIDENTIFIER  shift 41
	tSTRING  shift 42
	tNULL  shift 43
	tWHILE  shift 121
	tIF  shift 122
	tRETURN  shift 123
	tSTOP  shift 124
	tNEXT  shift 125
	tSWEEP  shift 126
	tPUBLIC  shift 127
	tUSE  shift 128
	tTYPEINT  shift 4
	tTYPESTRING  shift 5
	tTYPEDOUBLE  shift 6
	'~'  shift 44
	'+'  shift 45
	'-'  shift 46
	'['  shift 129
	'('  shift 48
	'{'  shift 91
	'}'  shift 156
	'@'  shift 49
	.  error

	literalString  goto 50
	type  goto 131
	stmt  goto 132
	sweeploop  goto 133
	list  goto 157
	expr  goto 135
	funcall  goto 52
	leftval  goto 53
	vardecl  goto 158
	literal  goto 54
	block  goto 138


state 137
	vardecls : vardecl .  (7)

	.  reduce 7


state 138
	stmt : block .  (56)

	.  reduce 56


state 139
	funcall : tIDENTIFIER '(' funcallargs ')' .  (89)

	.  reduce 89


state 140
	funcallargs : funcallargs ',' . funcallarg  (91)

	tINTEGER  shift 39
	tDOUBLE  shift 40
	tIDENTIFIER  shift 41
	tSTRING  shift 42
	tNULL  shift 43
	'~'  shift 44
	'+'  shift 45
	'-'  shift 46
	'['  shift 47
	'('  shift 48
	'@'  shift 49
	.  error

	literalString  goto 50
	expr  goto 97
	funcall  goto 52
	funcallarg  goto 159
	leftval  goto 53
	literal  goto 54


state 141
	leftval : expr '[' expr ']' .  (94)

	.  reduce 94


state 142
	functions : type tIDENTIFIER '(' fundeclargs ')' '=' literal . block  (21)

	'{'  shift 91
	.  error

	block  goto 160


state 143
	functions : tPUBLIC type tIDENTIFIER '(' fundeclargs ')' '=' literal . block  (19)

	'{'  shift 91
	.  error

	block  goto 161


state 144
	stmt : tWHILE '(' . expr ')' stmt  (49)

	tINTEGER  shift 39
	tDOUBLE  shift 40
	tIDENTIFIER  shift 41
	tSTRING  shift 42
	tNULL  shift 43
	'~'  shift 44
	'+'  shift 45
	'-'  shift 46
	'['  shift 47
	'('  shift 48
	'@'  shift 49
	.  error

	literalString  goto 50
	expr  goto 162
	funcall  goto 52
	leftval  goto 53
	literal  goto 54


state 145
	stmt : tIF '(' . expr ')' stmt  (54)
	stmt : tIF '(' . expr ')' stmt elseconds  (55)

	tINTEGER  shift 39
	tDOUBLE  shift 40
	tIDENTIFIER  shift 41
	tSTRING  shift 42
	tNULL  shift 43
	'~'  shift 44
	'+'  shift 45
	'-'  shift 46
	'['  shift 47
	'('  shift 48
	'@'  shift 49
	.  error

	literalString  goto 50
	expr  goto 163
	funcall  goto 52
	leftval  goto 53
	literal  goto 54


state 146
	sweeploop : tSWEEP '+' . '(' leftval ':' expr ':' expr ')' stmt  (57)
	sweeploop : tSWEEP '+' . '(' leftval ':' expr ':' expr ':' expr ')' stmt  (59)

	'('  shift 164
	.  error


state 147
	sweeploop : tSWEEP '-' . '(' leftval ':' expr ':' expr ')' stmt  (58)
	sweeploop : tSWEEP '-' . '(' leftval ':' expr ':' expr ':' expr ')' stmt  (60)

	'('  shift 165
	.  error


state 148
	vardecl : tPUBLIC type . tIDENTIFIER ';'  (10)
	vardecl : tPUBLIC type . tIDENTIFIER '=' expr ';'  (13)

	tIDENTIFIER  shift 166
	.  error


state 149
	vardecl : tUSE type . tIDENTIFIER ';'  (11)

	tIDENTIFIER  shift 167
	.  error


state 150
	vardecl : type tIDENTIFIER . ';'  (9)
	vardecl : type tIDENTIFIER . '=' expr ';'  (12)

	'='  shift 26
	';'  shift 27
	.  error


state 151
	block : '{' list '}' .  (42)

	.  reduce 42


state 152
	list : list stmt .  (45)

	.  reduce 45


state 153
	stmt : expr tPRINTLN .  (48)

	.  reduce 48


state 154
	stmt : expr ';' .  (46)

	.  reduce 46


state 155
	stmt : expr '!' .  (47)

	.  reduce 47


state 156
	block : '{' vardecls '}' .  (41)

	.  reduce 41


state 157
	block : '{' vardecls list . '}'  (40)
	list : list . stmt  (45)

	tINTEGER  shift 39
	tDOUBLE  shift 40
	tIDENTIFIER  shift 41
	tSTRING  shift 42
	tNULL  shift 43
	tWHILE  shift 121
	tIF  shift 122
	tRETURN  shift 123
	tSTOP  shift 124
	tNEXT  shift 125
	tSWEEP  shift 126
	'~'  shift 44
	'+'  shift 45
	'-'  shift 46
	'['  shift 47
	'('  shift 48
	'{'  shift 91
	'}'  shift 168
	'@'  shift 49
	.  error

	literalString  goto 50
	stmt  goto 152
	sweeploop  goto 133
	expr  goto 135
	funcall  goto 52
	leftval  goto 53
	literal  goto 54
	block  goto 138


state 158
	vardecls : vardecls vardecl .  (8)

	.  reduce 8


state 159
	funcallargs : funcallargs ',' funcallarg .  (91)

	.  reduce 91


state 160
	functions : type tIDENTIFIER '(' fundeclargs ')' '=' literal block .  (21)

	.  reduce 21


state 161
	functions : tPUBLIC type tIDENTIFIER '(' fundeclargs ')' '=' literal block .  (19)

	.  reduce 19


state 162
	stmt : tWHILE '(' expr . ')' stmt  (49)
	expr : expr . '+' expr  (68)
	expr : expr . '-' expr  (69)
	expr : expr . '*' expr  (70)
	expr : expr . '/' expr  (71)
	expr : expr . '%' expr  (72)
	expr : expr . '<' expr  (73)
	expr : expr . '>' expr  (74)
	expr : expr . tGE expr  (75)
	expr : expr . tLE expr  (76)
	expr : expr . tNE expr  (77)
	expr : expr . tEQ expr  (78)
	expr : expr . '&' expr  (79)
	expr : expr . '|' expr  (80)
	leftval : expr . '[' expr ']'  (94)

	'|'  shift 70
	'&'  shift 71
	tEQ  shift 72
	tNE  shift 73
	'>'  shift 74
	'<'  shift 75
	tGE  shift 76
	tLE  shift 77
	'+'  shift 78
	'-'  shift 79
	'*'  shift 80
	'/'  shift 81
	'%'  shift 82
	'['  shift 83
	')'  shift 169
	.  error


state 163
	stmt : tIF '(' expr . ')' stmt  (54)
	stmt : tIF '(' expr . ')' stmt elseconds  (55)
	expr : expr . '+' expr  (68)
	expr : expr . '-' expr  (69)
	expr : expr . '*' expr  (70)
	expr : expr . '/' expr  (71)
	expr : expr . '%' expr  (72)
	expr : expr . '<' expr  (73)
	expr : expr . '>' expr  (74)
	expr : expr . tGE expr  (75)
	expr : expr . tLE expr  (76)
	expr : expr . tNE expr  (77)
	expr : expr . tEQ expr  (78)
	expr : expr . '&' expr  (79)
	expr : expr . '|' expr  (80)
	leftval : expr . '[' expr ']'  (94)

	'|'  shift 70
	'&'  shift 71
	tEQ  shift 72
	tNE  shift 73
	'>'  shift 74
	'<'  shift 75
	tGE  shift 76
	tLE  shift 77
	'+'  shift 78
	'-'  shift 79
	'*'  shift 80
	'/'  shift 81
	'%'  shift 82
	'['  shift 83
	')'  shift 170
	.  error


state 164
	sweeploop : tSWEEP '+' '(' . leftval ':' expr ':' expr ')' stmt  (57)
	sweeploop : tSWEEP '+' '(' . leftval ':' expr ':' expr ':' expr ')' stmt  (59)

	tINTEGER  shift 39
	tDOUBLE  shift 40
	tIDENTIFIER  shift 41
	tSTRING  shift 42
	tNULL  shift 43
	'~'  shift 44
	'+'  shift 45
	'-'  shift 46
	'['  shift 47
	'('  shift 48
	'@'  shift 49
	.  error

	literalString  goto 50
	expr  goto 171
	funcall  goto 52
	leftval  goto 172
	literal  goto 54


state 165
	sweeploop : tSWEEP '-' '(' . leftval ':' expr ':' expr ')' stmt  (58)
	sweeploop : tSWEEP '-' '(' . leftval ':' expr ':' expr ':' expr ')' stmt  (60)

	tINTEGER  shift 39
	tDOUBLE  shift 40
	tIDENTIFIER  shift 41
	tSTRING  shift 42
	tNULL  shift 43
	'~'  shift 44
	'+'  shift 45
	'-'  shift 46
	'['  shift 47
	'('  shift 48
	'@'  shift 49
	.  error

	literalString  goto 50
	expr  goto 171
	funcall  goto 52
	leftval  goto 173
	literal  goto 54


state 166
	vardecl : tPUBLIC type tIDENTIFIER . ';'  (10)
	vardecl : tPUBLIC type tIDENTIFIER . '=' expr ';'  (13)

	'='  shift 30
	';'  shift 31
	.  error


state 167
	vardecl : tUSE type tIDENTIFIER . ';'  (11)

	';'  shift 37
	.  error


state 168
	block : '{' vardecls list '}' .  (40)

	.  reduce 40


state 169
	stmt : tWHILE '(' expr ')' . stmt  (49)

	tINTEGER  shift 39
	tDOUBLE  shift 40
	tIDENTIFIER  shift 41
	tSTRING  shift 42
	tNULL  shift 43
	tWHILE  shift 121
	tIF  shift 122
	tRETURN  shift 123
	tSTOP  shift 124
	tNEXT  shift 125
	tSWEEP  shift 126
	'~'  shift 44
	'+'  shift 45
	'-'  shift 46
	'['  shift 47
	'('  shift 48
	'{'  shift 91
	'@'  shift 49
	.  error

	literalString  goto 50
	stmt  goto 174
	sweeploop  goto 133
	expr  goto 135
	funcall  goto 52
	leftval  goto 53
	literal  goto 54
	block  goto 138


state 170
	stmt : tIF '(' expr ')' . stmt  (54)
	stmt : tIF '(' expr ')' . stmt elseconds  (55)

	tINTEGER  shift 39
	tDOUBLE  shift 40
	tIDENTIFIER  shift 41
	tSTRING  shift 42
	tNULL  shift 43
	tWHILE  shift 121
	tIF  shift 122
	tRETURN  shift 123
	tSTOP  shift 124
	tNEXT  shift 125
	tSWEEP  shift 126
	'~'  shift 44
	'+'  shift 45
	'-'  shift 46
	'['  shift 47
	'('  shift 48
	'{'  shift 91
	'@'  shift 49
	.  error

	literalString  goto 50
	stmt  goto 175
	sweeploop  goto 133
	expr  goto 135
	funcall  goto 52
	leftval  goto 53
	literal  goto 54
	block  goto 138


state 171
	expr : expr . '+' expr  (68)
	expr : expr . '-' expr  (69)
	expr : expr . '*' expr  (70)
	expr : expr . '/' expr  (71)
	expr : expr . '%' expr  (72)
	expr : expr . '<' expr  (73)
	expr : expr . '>' expr  (74)
	expr : expr . tGE expr  (75)
	expr : expr . tLE expr  (76)
	expr : expr . tNE expr  (77)
	expr : expr . tEQ expr  (78)
	expr : expr . '&' expr  (79)
	expr : expr . '|' expr  (80)
	leftval : expr . '[' expr ']'  (94)

	'|'  shift 70
	'&'  shift 71
	tEQ  shift 72
	tNE  shift 73
	'>'  shift 74
	'<'  shift 75
	tGE  shift 76
	tLE  shift 77
	'+'  shift 78
	'-'  shift 79
	'*'  shift 80
	'/'  shift 81
	'%'  shift 82
	'['  shift 83
	.  error


state 172
	sweeploop : tSWEEP '+' '(' leftval . ':' expr ':' expr ')' stmt  (57)
	sweeploop : tSWEEP '+' '(' leftval . ':' expr ':' expr ':' expr ')' stmt  (59)
	expr : leftval .  (83)
	expr : leftval . '=' expr  (84)
	expr : leftval . '?'  (85)

	'='  shift 85
	':'  shift 176
	'?'  shift 86
	'|'  reduce 83
	'&'  reduce 83
	tEQ  reduce 83
	tNE  reduce 83
	'>'  reduce 83
	'<'  reduce 83
	tGE  reduce 83
	tLE  reduce 83
	'+'  reduce 83
	'-'  reduce 83
	'*'  reduce 83
	'/'  reduce 83
	'%'  reduce 83
	'['  reduce 83


state 173
	sweeploop : tSWEEP '-' '(' leftval . ':' expr ':' expr ')' stmt  (58)
	sweeploop : tSWEEP '-' '(' leftval . ':' expr ':' expr ':' expr ')' stmt  (60)
	expr : leftval .  (83)
	expr : leftval . '=' expr  (84)
	expr : leftval . '?'  (85)

	'='  shift 85
	':'  shift 177
	'?'  shift 86
	'|'  reduce 83
	'&'  reduce 83
	tEQ  reduce 83
	tNE  reduce 83
	'>'  reduce 83
	'<'  reduce 83
	tGE  reduce 83
	tLE  reduce 83
	'+'  reduce 83
	'-'  reduce 83
	'*'  reduce 83
	'/'  reduce 83
	'%'  reduce 83
	'['  reduce 83


state 174
	stmt : tWHILE '(' expr ')' stmt .  (49)

	.  reduce 49


state 175
	stmt : tIF '(' expr ')' stmt .  (54)
	stmt : tIF '(' expr ')' stmt . elseconds  (55)

	tELSE  shift 178
	tELIF  shift 179
	tINTEGER  reduce 54
	tDOUBLE  reduce 54
	tIDENTIFIER  reduce 54
	tSTRING  reduce 54
	tNULL  reduce 54
	tWHILE  reduce 54
	tIF  reduce 54
	tRETURN  reduce 54
	tSTOP  reduce 54
	tNEXT  reduce 54
	tSWEEP  reduce 54
	'~'  reduce 54
	'+'  reduce 54
	'-'  reduce 54
	'['  reduce 54
	'('  reduce 54
	'{'  reduce 54
	'}'  reduce 54
	'@'  reduce 54

	elseconds  goto 180


state 176
	sweeploop : tSWEEP '+' '(' leftval ':' . expr ':' expr ')' stmt  (57)
	sweeploop : tSWEEP '+' '(' leftval ':' . expr ':' expr ':' expr ')' stmt  (59)

	tINTEGER  shift 39
	tDOUBLE  shift 40
	tIDENTIFIER  shift 41
	tSTRING  shift 42
	tNULL  shift 43
	'~'  shift 44
	'+'  shift 45
	'-'  shift 46
	'['  shift 47
	'('  shift 48
	'@'  shift 49
	.  error

	literalString  goto 50
	expr  goto 181
	funcall  goto 52
	leftval  goto 53
	literal  goto 54


state 177
	sweeploop : tSWEEP '-' '(' leftval ':' . expr ':' expr ')' stmt  (58)
	sweeploop : tSWEEP '-' '(' leftval ':' . expr ':' expr ':' expr ')' stmt  (60)

	tINTEGER  shift 39
	tDOUBLE  shift 40
	tIDENTIFIER  shift 41
	tSTRING  shift 42
	tNULL  shift 43
	'~'  shift 44
	'+'  shift 45
	'-'  shift 46
	'['  shift 47
	'('  shift 48
	'@'  shift 49
	.  error

	literalString  goto 50
	expr  goto 182
	funcall  goto 52
	leftval  goto 53
	literal  goto 54


state 178
	elseconds : tELSE . stmt  (61)

	tINTEGER  shift 39
	tDOUBLE  shift 40
	tIDENTIFIER  shift 41
	tSTRING  shift 42
	tNULL  shift 43
	tWHILE  shift 121
	tIF  shift 122
	tRETURN  shift 123
	tSTOP  shift 124
	tNEXT  shift 125
	tSWEEP  shift 126
	'~'  shift 44
	'+'  shift 45
	'-'  shift 46
	'['  shift 47
	'('  shift 48
	'{'  shift 91
	'@'  shift 49
	.  error

	literalString  goto 50
	stmt  goto 183
	sweeploop  goto 133
	expr  goto 135
	funcall  goto 52
	leftval  goto 53
	literal  goto 54
	block  goto 138


state 179
	elseconds : tELIF . '(' expr ')' stmt  (62)
	elseconds : tELIF . '(' expr ')' stmt elseconds  (63)

	'('  shift 184
	.  error


state 180
	stmt : tIF '(' expr ')' stmt elseconds .  (55)

	.  reduce 55


state 181
	sweeploop : tSWEEP '+' '(' leftval ':' expr . ':' expr ')' stmt  (57)
	sweeploop : tSWEEP '+' '(' leftval ':' expr . ':' expr ':' expr ')' stmt  (59)
	expr : expr . '+' expr  (68)
	expr : expr . '-' expr  (69)
	expr : expr . '*' expr  (70)
	expr : expr . '/' expr  (71)
	expr : expr . '%' expr  (72)
	expr : expr . '<' expr  (73)
	expr : expr . '>' expr  (74)
	expr : expr . tGE expr  (75)
	expr : expr . tLE expr  (76)
	expr : expr . tNE expr  (77)
	expr : expr . tEQ expr  (78)
	expr : expr . '&' expr  (79)
	expr : expr . '|' expr  (80)
	leftval : expr . '[' expr ']'  (94)

	'|'  shift 70
	'&'  shift 71
	tEQ  shift 72
	tNE  shift 73
	'>'  shift 74
	'<'  shift 75
	tGE  shift 76
	tLE  shift 77
	'+'  shift 78
	'-'  shift 79
	'*'  shift 80
	'/'  shift 81
	'%'  shift 82
	'['  shift 83
	':'  shift 185
	.  error


state 182
	sweeploop : tSWEEP '-' '(' leftval ':' expr . ':' expr ')' stmt  (58)
	sweeploop : tSWEEP '-' '(' leftval ':' expr . ':' expr ':' expr ')' stmt  (60)
	expr : expr . '+' expr  (68)
	expr : expr . '-' expr  (69)
	expr : expr . '*' expr  (70)
	expr : expr . '/' expr  (71)
	expr : expr . '%' expr  (72)
	expr : expr . '<' expr  (73)
	expr : expr . '>' expr  (74)
	expr : expr . tGE expr  (75)
	expr : expr . tLE expr  (76)
	expr : expr . tNE expr  (77)
	expr : expr . tEQ expr  (78)
	expr : expr . '&' expr  (79)
	expr : expr . '|' expr  (80)
	leftval : expr . '[' expr ']'  (94)

	'|'  shift 70
	'&'  shift 71
	tEQ  shift 72
	tNE  shift 73
	'>'  shift 74
	'<'  shift 75
	tGE  shift 76
	tLE  shift 77
	'+'  shift 78
	'-'  shift 79
	'*'  shift 80
	'/'  shift 81
	'%'  shift 82
	'['  shift 83
	':'  shift 186
	.  error


state 183
	elseconds : tELSE stmt .  (61)

	.  reduce 61


state 184
	elseconds : tELIF '(' . expr ')' stmt  (62)
	elseconds : tELIF '(' . expr ')' stmt elseconds  (63)

	tINTEGER  shift 39
	tDOUBLE  shift 40
	tIDENTIFIER  shift 41
	tSTRING  shift 42
	tNULL  shift 43
	'~'  shift 44
	'+'  shift 45
	'-'  shift 46
	'['  shift 47
	'('  shift 48
	'@'  shift 49
	.  error

	literalString  goto 50
	expr  goto 187
	funcall  goto 52
	leftval  goto 53
	literal  goto 54


state 185
	sweeploop : tSWEEP '+' '(' leftval ':' expr ':' . expr ')' stmt  (57)
	sweeploop : tSWEEP '+' '(' leftval ':' expr ':' . expr ':' expr ')' stmt  (59)

	tINTEGER  shift 39
	tDOUBLE  shift 40
	tIDENTIFIER  shift 41
	tSTRING  shift 42
	tNULL  shift 43
	'~'  shift 44
	'+'  shift 45
	'-'  shift 46
	'['  shift 47
	'('  shift 48
	'@'  shift 49
	.  error

	literalString  goto 50
	expr  goto 188
	funcall  goto 52
	leftval  goto 53
	literal  goto 54


state 186
	sweeploop : tSWEEP '-' '(' leftval ':' expr ':' . expr ')' stmt  (58)
	sweeploop : tSWEEP '-' '(' leftval ':' expr ':' . expr ':' expr ')' stmt  (60)

	tINTEGER  shift 39
	tDOUBLE  shift 40
	tIDENTIFIER  shift 41
	tSTRING  shift 42
	tNULL  shift 43
	'~'  shift 44
	'+'  shift 45
	'-'  shift 46
	'['  shift 47
	'('  shift 48
	'@'  shift 49
	.  error

	literalString  goto 50
	expr  goto 189
	funcall  goto 52
	leftval  goto 53
	literal  goto 54


state 187
	elseconds : tELIF '(' expr . ')' stmt  (62)
	elseconds : tELIF '(' expr . ')' stmt elseconds  (63)
	expr : expr . '+' expr  (68)
	expr : expr . '-' expr  (69)
	expr : expr . '*' expr  (70)
	expr : expr . '/' expr  (71)
	expr : expr . '%' expr  (72)
	expr : expr . '<' expr  (73)
	expr : expr . '>' expr  (74)
	expr : expr . tGE expr  (75)
	expr : expr . tLE expr  (76)
	expr : expr . tNE expr  (77)
	expr : expr . tEQ expr  (78)
	expr : expr . '&' expr  (79)
	expr : expr . '|' expr  (80)
	leftval : expr . '[' expr ']'  (94)

	'|'  shift 70
	'&'  shift 71
	tEQ  shift 72
	tNE  shift 73
	'>'  shift 74
	'<'  shift 75
	tGE  shift 76
	tLE  shift 77
	'+'  shift 78
	'-'  shift 79
	'*'  shift 80
	'/'  shift 81
	'%'  shift 82
	'['  shift 83
	')'  shift 190
	.  error


state 188
	sweeploop : tSWEEP '+' '(' leftval ':' expr ':' expr . ')' stmt  (57)
	sweeploop : tSWEEP '+' '(' leftval ':' expr ':' expr . ':' expr ')' stmt  (59)
	expr : expr . '+' expr  (68)
	expr : expr . '-' expr  (69)
	expr : expr . '*' expr  (70)
	expr : expr . '/' expr  (71)
	expr : expr . '%' expr  (72)
	expr : expr . '<' expr  (73)
	expr : expr . '>' expr  (74)
	expr : expr . tGE expr  (75)
	expr : expr . tLE expr  (76)
	expr : expr . tNE expr  (77)
	expr : expr . tEQ expr  (78)
	expr : expr . '&' expr  (79)
	expr : expr . '|' expr  (80)
	leftval : expr . '[' expr ']'  (94)

	'|'  shift 70
	'&'  shift 71
	tEQ  shift 72
	tNE  shift 73
	'>'  shift 74
	'<'  shift 75
	tGE  shift 76
	tLE  shift 77
	'+'  shift 78
	'-'  shift 79
	'*'  shift 80
	'/'  shift 81
	'%'  shift 82
	'['  shift 83
	')'  shift 191
	':'  shift 192
	.  error


state 189
	sweeploop : tSWEEP '-' '(' leftval ':' expr ':' expr . ')' stmt  (58)
	sweeploop : tSWEEP '-' '(' leftval ':' expr ':' expr . ':' expr ')' stmt  (60)
	expr : expr . '+' expr  (68)
	expr : expr . '-' expr  (69)
	expr : expr . '*' expr  (70)
	expr : expr . '/' expr  (71)
	expr : expr . '%' expr  (72)
	expr : expr . '<' expr  (73)
	expr : expr . '>' expr  (74)
	expr : expr . tGE expr  (75)
	expr : expr . tLE expr  (76)
	expr : expr . tNE expr  (77)
	expr : expr . tEQ expr  (78)
	expr : expr . '&' expr  (79)
	expr : expr . '|' expr  (80)
	leftval : expr . '[' expr ']'  (94)

	'|'  shift 70
	'&'  shift 71
	tEQ  shift 72
	tNE  shift 73
	'>'  shift 74
	'<'  shift 75
	tGE  shift 76
	tLE  shift 77
	'+'  shift 78
	'-'  shift 79
	'*'  shift 80
	'/'  shift 81
	'%'  shift 82
	'['  shift 83
	')'  shift 193
	':'  shift 194
	.  error


state 190
	elseconds : tELIF '(' expr ')' . stmt  (62)
	elseconds : tELIF '(' expr ')' . stmt elseconds  (63)

	tINTEGER  shift 39
	tDOUBLE  shift 40
	tIDENTIFIER  shift 41
	tSTRING  shift 42
	tNULL  shift 43
	tWHILE  shift 121
	tIF  shift 122
	tRETURN  shift 123
	tSTOP  shift 124
	tNEXT  shift 125
	tSWEEP  shift 126
	'~'  shift 44
	'+'  shift 45
	'-'  shift 46
	'['  shift 47
	'('  shift 48
	'{'  shift 91
	'@'  shift 49
	.  error

	literalString  goto 50
	stmt  goto 195
	sweeploop  goto 133
	expr  goto 135
	funcall  goto 52
	leftval  goto 53
	literal  goto 54
	block  goto 138


state 191
	sweeploop : tSWEEP '+' '(' leftval ':' expr ':' expr ')' . stmt  (57)

	tINTEGER  shift 39
	tDOUBLE  shift 40
	tIDENTIFIER  shift 41
	tSTRING  shift 42
	tNULL  shift 43
	tWHILE  shift 121
	tIF  shift 122
	tRETURN  shift 123
	tSTOP  shift 124
	tNEXT  shift 125
	tSWEEP  shift 126
	'~'  shift 44
	'+'  shift 45
	'-'  shift 46
	'['  shift 47
	'('  shift 48
	'{'  shift 91
	'@'  shift 49
	.  error

	literalString  goto 50
	stmt  goto 196
	sweeploop  goto 133
	expr  goto 135
	funcall  goto 52
	leftval  goto 53
	literal  goto 54
	block  goto 138


state 192
	sweeploop : tSWEEP '+' '(' leftval ':' expr ':' expr ':' . expr ')' stmt  (59)

	tINTEGER  shift 39
	tDOUBLE  shift 40
	tIDENTIFIER  shift 41
	tSTRING  shift 42
	tNULL  shift 43
	'~'  shift 44
	'+'  shift 45
	'-'  shift 46
	'['  shift 47
	'('  shift 48
	'@'  shift 49
	.  error

	literalString  goto 50
	expr  goto 197
	funcall  goto 52
	leftval  goto 53
	literal  goto 54


state 193
	sweeploop : tSWEEP '-' '(' leftval ':' expr ':' expr ')' . stmt  (58)

	tINTEGER  shift 39
	tDOUBLE  shift 40
	tIDENTIFIER  shift 41
	tSTRING  shift 42
	tNULL  shift 43
	tWHILE  shift 121
	tIF  shift 122
	tRETURN  shift 123
	tSTOP  shift 124
	tNEXT  shift 125
	tSWEEP  shift 126
	'~'  shift 44
	'+'  shift 45
	'-'  shift 46
	'['  shift 47
	'('  shift 48
	'{'  shift 91
	'@'  shift 49
	.  error

	literalString  goto 50
	stmt  goto 198
	sweeploop  goto 133
	expr  goto 135
	funcall  goto 52
	leftval  goto 53
	literal  goto 54
	block  goto 138


state 194
	sweeploop : tSWEEP '-' '(' leftval ':' expr ':' expr ':' . expr ')' stmt  (60)

	tINTEGER  shift 39
	tDOUBLE  shift 40
	tIDENTIFIER  shift 41
	tSTRING  shift 42
	tNULL  shift 43
	'~'  shift 44
	'+'  shift 45
	'-'  shift 46
	'['  shift 47
	'('  shift 48
	'@'  shift 49
	.  error

	literalString  goto 50
	expr  goto 199
	funcall  goto 52
	leftval  goto 53
	literal  goto 54


state 195
	elseconds : tELIF '(' expr ')' stmt .  (62)
	elseconds : tELIF '(' expr ')' stmt . elseconds  (63)

	tELSE  shift 178
	tELIF  shift 179
	tINTEGER  reduce 62
	tDOUBLE  reduce 62
	tIDENTIFIER  reduce 62
	tSTRING  reduce 62
	tNULL  reduce 62
	tWHILE  reduce 62
	tIF  reduce 62
	tRETURN  reduce 62
	tSTOP  reduce 62
	tNEXT  reduce 62
	tSWEEP  reduce 62
	'~'  reduce 62
	'+'  reduce 62
	'-'  reduce 62
	'['  reduce 62
	'('  reduce 62
	'{'  reduce 62
	'}'  reduce 62
	'@'  reduce 62

	elseconds  goto 200


state 196
	sweeploop : tSWEEP '+' '(' leftval ':' expr ':' expr ')' stmt .  (57)

	.  reduce 57


state 197
	sweeploop : tSWEEP '+' '(' leftval ':' expr ':' expr ':' expr . ')' stmt  (59)
	expr : expr . '+' expr  (68)
	expr : expr . '-' expr  (69)
	expr : expr . '*' expr  (70)
	expr : expr . '/' expr  (71)
	expr : expr . '%' expr  (72)
	expr : expr . '<' expr  (73)
	expr : expr . '>' expr  (74)
	expr : expr . tGE expr  (75)
	expr : expr . tLE expr  (76)
	expr : expr . tNE expr  (77)
	expr : expr . tEQ expr  (78)
	expr : expr . '&' expr  (79)
	expr : expr . '|' expr  (80)
	leftval : expr . '[' expr ']'  (94)

	'|'  shift 70
	'&'  shift 71
	tEQ  shift 72
	tNE  shift 73
	'>'  shift 74
	'<'  shift 75
	tGE  shift 76
	tLE  shift 77
	'+'  shift 78
	'-'  shift 79
	'*'  shift 80
	'/'  shift 81
	'%'  shift 82
	'['  shift 83
	')'  shift 201
	.  error


state 198
	sweeploop : tSWEEP '-' '(' leftval ':' expr ':' expr ')' stmt .  (58)

	.  reduce 58


state 199
	sweeploop : tSWEEP '-' '(' leftval ':' expr ':' expr ':' expr . ')' stmt  (60)
	expr : expr . '+' expr  (68)
	expr : expr . '-' expr  (69)
	expr : expr . '*' expr  (70)
	expr : expr . '/' expr  (71)
	expr : expr . '%' expr  (72)
	expr : expr . '<' expr  (73)
	expr : expr . '>' expr  (74)
	expr : expr . tGE expr  (75)
	expr : expr . tLE expr  (76)
	expr : expr . tNE expr  (77)
	expr : expr . tEQ expr  (78)
	expr : expr . '&' expr  (79)
	expr : expr . '|' expr  (80)
	leftval : expr . '[' expr ']'  (94)

	'|'  shift 70
	'&'  shift 71
	tEQ  shift 72
	tNE  shift 73
	'>'  shift 74
	'<'  shift 75
	tGE  shift 76
	tLE  shift 77
	'+'  shift 78
	'-'  shift 79
	'*'  shift 80
	'/'  shift 81
	'%'  shift 82
	'['  shift 83
	')'  shift 202
	.  error


state 200
	elseconds : tELIF '(' expr ')' stmt elseconds .  (63)

	.  reduce 63


state 201
	sweeploop : tSWEEP '+' '(' leftval ':' expr ':' expr ':' expr ')' . stmt  (59)

	tINTEGER  shift 39
	tDOUBLE  shift 40
	tIDENTIFIER  shift 41
	tSTRING  shift 42
	tNULL  shift 43
	tWHILE  shift 121
	tIF  shift 122
	tRETURN  shift 123
	tSTOP  shift 124
	tNEXT  shift 125
	tSWEEP  shift 126
	'~'  shift 44
	'+'  shift 45
	'-'  shift 46
	'['  shift 47
	'('  shift 48
	'{'  shift 91
	'@'  shift 49
	.  error

	literalString  goto 50
	stmt  goto 203
	sweeploop  goto 133
	expr  goto 135
	funcall  goto 52
	leftval  goto 53
	literal  goto 54
	block  goto 138


state 202
	sweeploop : tSWEEP '-' '(' leftval ':' expr ':' expr ':' expr ')' . stmt  (60)

	tINTEGER  shift 39
	tDOUBLE  shift 40
	tIDENTIFIER  shift 41
	tSTRING  shift 42
	tNULL  shift 43
	tWHILE  shift 121
	tIF  shift 122
	tRETURN  shift 123
	tSTOP  shift 124
	tNEXT  shift 125
	tSWEEP  shift 126
	'~'  shift 44
	'+'  shift 45
	'-'  shift 46
	'['  shift 47
	'('  shift 48
	'{'  shift 91
	'@'  shift 49
	.  error

	literalString  goto 50
	stmt  goto 204
	sweeploop  goto 133
	expr  goto 135
	funcall  goto 52
	leftval  goto 53
	literal  goto 54
	block  goto 138


state 203
	sweeploop : tSWEEP '+' '(' leftval ':' expr ':' expr ':' expr ')' stmt .  (59)

	.  reduce 59


state 204
	sweeploop : tSWEEP '-' '(' leftval ':' expr ':' expr ':' expr ')' stmt .  (60)

	.  reduce 60


51 terminals, 23 nonterminals
95 grammar rules, 205 states
