
"----------------------------------" Loading track: 12.txt
-89 
("POS: (0 1) VEL: (0 0) ACT: (0 0) COST: 0
"
 "POS: (1 2) VEL: (1 1) ACT: (1 1) COST: 1
"
 "POS: (3 3) VEL: (2 1) ACT: (1 0) COST: 1
"
 "POS: (6 4) VEL: (3 1) ACT: (1 0) COST: 1
"
 "POS: (10 5) VEL: (4 1) ACT: (1 0) COST: 1
"
 "POS: (15 7) VEL: (5 2) ACT: (1 1) COST: 1
"
 "POS: (20 10) VEL: (5 3) ACT: (0 1) COST: 1
"
 "POS: (25 14) VEL: (5 4) ACT: (0 1) COST: 1
"
 "POS: (29 19) VEL: (4 5) ACT: (-1 1) COST: 1
"
 "POS: (34 25) VEL: (5 6) ACT: (1 1) COST: 1
"
 "POS: (38 32) VEL: (4 7) ACT: (-1 1) COST: 1
"
 "POS: (43 40) VEL: (5 8) ACT: (1 1) COST: 1
"
 "POS: (49 48) VEL: (6 8) ACT: (1 0) COST: -100
") 
Computation took: 0.8105844 seconds of real time

"----------------------------------" 