
"----------------------------------" Loading track: 13.txt
-87 
("POS: (0 0) VEL: (0 0) ACT: (0 0) COST: 0
"
 "POS: (1 0) VEL: (1 0) ACT: (1 0) COST: 1
"
 "POS: (2 1) VEL: (1 1) ACT: (0 1) COST: 1
"
 "POS: (2 3) VEL: (0 2) ACT: (-1 1) COST: 1
"
 "POS: (3 5) VEL: (1 2) ACT: (1 0) COST: 1
"
 "POS: (4 8) VEL: (1 3) ACT: (0 1) COST: 1
"
 "POS: (6 12) VEL: (2 4) ACT: (1 1) COST: 1
"
 "POS: (9 17) VEL: (3 5) ACT: (1 1) COST: 1
"
 "POS: (13 23) VEL: (4 6) ACT: (1 1) COST: 1
"
 "POS: (18 29) VEL: (5 6) ACT: (1 0) COST: 1
"
 "POS: (24 34) VEL: (6 5) ACT: (1 -1) COST: 1
"
 "POS: (31 38) VEL: (7 4) ACT: (1 -1) COST: 1
"
 "POS: (38 42) VEL: (7 4) ACT: (0 0) COST: 1
"
 "POS: (44 46) VEL: (6 4) ACT: (-1 0) COST: 1
"
 "POS: (49 49) VEL: (5 3) ACT: (-1 -1) COST: -100
") 
Computation took: 0.0890806 seconds of real time

"----------------------------------" 