
"----------------------------------" Loading track: 14.txt
-91 
("POS: (0 7) VEL: (0 0) ACT: (0 0) COST: 0
"
 "POS: (1 6) VEL: (1 -1) ACT: (1 -1) COST: 1
"
 "POS: (3 6) VEL: (2 0) ACT: (1 1) COST: 1
"
 "POS: (6 6) VEL: (3 0) ACT: (1 0) COST: 1
"
 "POS: (10 7) VEL: (4 1) ACT: (1 1) COST: 1
"
 "POS: (15 8) VEL: (5 1) ACT: (1 0) COST: 1
"
 "POS: (20 10) VEL: (5 2) ACT: (0 1) COST: 1
"
 "POS: (26 13) VEL: (6 3) ACT: (1 1) COST: 1
"
 "POS: (32 16) VEL: (6 3) ACT: (0 0) COST: 1
"
 "POS: (39 19) VEL: (7 3) ACT: (1 0) COST: 1
"
 "POS: (47 22) VEL: (8 3) ACT: (1 0) COST: -100
") 
Computation took: 0.0720522 seconds of real time

"----------------------------------" 