
"----------------------------------" Loading track: 16.txt
-89 
("POS: (1 0) VEL: (0 0) ACT: (0 0) COST: 0
"
 "POS: (2 1) VEL: (1 1) ACT: (1 1) COST: 1
"
 "POS: (3 3) VEL: (1 2) ACT: (0 1) COST: 1
"
 "POS: (5 4) VEL: (2 1) ACT: (1 -1) COST: 1
"
 "POS: (8 6) VEL: (3 2) ACT: (1 1) COST: 1
"
 "POS: (12 9) VEL: (4 3) ACT: (1 1) COST: 1
"
 "POS: (16 13) VEL: (4 4) ACT: (0 1) COST: 1
"
 "POS: (21 18) VEL: (5 5) ACT: (1 1) COST: 1
"
 "POS: (27 23) VEL: (6 5) ACT: (1 0) COST: 1
"
 "POS: (32 29) VEL: (5 6) ACT: (-1 1) COST: 1
"
 "POS: (37 36) VEL: (5 7) ACT: (0 1) COST: 1
"
 "POS: (42 43) VEL: (5 7) ACT: (0 0) COST: 1
"
 "POS: (47 49) VEL: (5 6) ACT: (0 -1) COST: -100
") 
Computation took: 0.1180925 seconds of real time

"----------------------------------" 