
"----------------------------------" Loading track: 20.txt
-88 
("POS: (1 0) VEL: (0 0) ACT: (0 0) COST: 0
"
 "POS: (1 1) VEL: (0 1) ACT: (0 1) COST: 1
"
 "POS: (2 2) VEL: (1 1) ACT: (1 0) COST: 1
"
 "POS: (4 4) VEL: (2 2) ACT: (1 1) COST: 1
"
 "POS: (7 7) VEL: (3 3) ACT: (1 1) COST: 1
"
 "POS: (11 11) VEL: (4 4) ACT: (1 1) COST: 1
"
 "POS: (16 15) VEL: (5 4) ACT: (1 0) COST: 1
"
 "POS: (21 18) VEL: (5 3) ACT: (0 -1) COST: 1
"
 "POS: (27 22) VEL: (6 4) ACT: (1 1) COST: 1
"
 "POS: (32 27) VEL: (5 5) ACT: (-1 1) COST: 1
"
 "POS: (37 33) VEL: (5 6) ACT: (0 1) COST: 1
"
 "POS: (42 38) VEL: (5 5) ACT: (0 -1) COST: 1
"
 "POS: (46 43) VEL: (4 5) ACT: (-1 0) COST: 1
"
 "POS: (49 49) VEL: (3 6) ACT: (-1 1) COST: -100
") 
Computation took: 2.406715 seconds of real time

"----------------------------------" 