
"----------------------------------" Loading track: 21.txt
-91 
("POS: (49 23) VEL: (0 0) ACT: (0 0) COST: 0
"
 "POS: (48 23) VEL: (-1 0) ACT: (-1 0) COST: 1
"
 "POS: (46 24) VEL: (-2 1) ACT: (-1 1) COST: 1
"
 "POS: (43 24) VEL: (-3 0) ACT: (-1 -1) COST: 1
"
 "POS: (39 23) VEL: (-4 -1) ACT: (-1 -1) COST: 1
"
 "POS: (34 21) VEL: (-5 -2) ACT: (-1 -1) COST: 1
"
 "POS: (28 18) VEL: (-6 -3) ACT: (-1 -1) COST: 1
"
 "POS: (21 14) VEL: (-7 -4) ACT: (-1 -1) COST: 1
"
 "POS: (13 9) VEL: (-8 -5) ACT: (-1 -1) COST: 1
"
 "POS: (6 4) VEL: (-7 -5) ACT: (1 0) COST: 1
"
 "POS: (0 0) VEL: (-6 -4) ACT: (1 1) COST: -100
") 
Computation took: 0.2802152 seconds of real time

"----------------------------------" 