
"----------------------------------" Loading track: trackMI5.txt
-91 
("POS: (7 5) VEL: (0 0) ACT: NIL COST: 0
"
 "POS: (6 4) VEL: (-1 -1) ACT: (-1 -1) COST: 1
"
 "POS: (5 3) VEL: (-1 -1) ACT: (0 0) COST: 1
"
 "POS: (3 2) VEL: (-2 -1) ACT: (-1 0) COST: 1
"
 "POS: (2 2) VEL: (-1 0) ACT: (1 1) COST: 1
"
 "POS: (1 3) VEL: (-1 1) ACT: (0 1) COST: 1
"
 "POS: (1 5) VEL: (0 2) ACT: (1 1) COST: 1
"
 "POS: (2 7) VEL: (1 2) ACT: (1 0) COST: 1
"
 "POS: (3 9) VEL: (1 2) ACT: (0 0) COST: 1
"
 "POS: (5 10) VEL: (2 1) ACT: (1 -1) COST: 1
"
 "POS: (7 10) VEL: (2 0) ACT: (0 -1) COST: -100
") 
Computation took: 0.063042 seconds of real time

"----------------------------------" 